[0.154s] DEBUG:colcon:Command line arguments: ['/usr/bin/colcon', 'build', '--symlink-install']
[0.154s] DEBUG:colcon:Parsed command line arguments: Namespace(log_base=None, log_level=None, verb_name='build', build_base='build', install_base='install', merge_install=False, symlink_install=True, test_result_base=None, continue_on_error=False, executor='parallel', parallel_workers=12, event_handlers=None, ignore_user_meta=False, metas=['./colcon.meta'], base_paths=['.'], packages_ignore=None, packages_ignore_regex=None, paths=None, packages_up_to=None, packages_up_to_regex=None, packages_above=None, packages_above_and_dependencies=None, packages_above_depth=None, packages_select_by_dep=None, packages_skip_by_dep=None, packages_skip_up_to=None, packages_select_build_failed=False, packages_skip_build_finished=False, packages_select_test_failures=False, packages_skip_test_passed=False, packages_select=None, packages_skip=None, packages_select_regex=None, packages_skip_regex=None, packages_start=None, packages_end=None, allow_overriding=[], cmake_args=None, cmake_target=None, cmake_target_skip_unavailable=False, cmake_clean_cache=False, cmake_clean_first=False, cmake_force_configure=False, ament_cmake_args=None, catkin_cmake_args=None, catkin_skip_building_tests=False, mixin_files=None, mixin=None, verb_parser=<colcon_mixin.mixin.mixin_argument.MixinArgumentDecorator object at 0x7015ac10ea40>, verb_extension=<colcon_core.verb.build.BuildVerb object at 0x7015ac2c36d0>, main=<bound method BuildVerb.main of <colcon_core.verb.build.BuildVerb object at 0x7015ac2c36d0>>, mixin_verb=('build',))
[0.497s] Level 1:colcon.colcon_core.package_discovery:discover_packages(colcon_meta) check parameters
[0.497s] Level 1:colcon.colcon_core.package_discovery:discover_packages(recursive) check parameters
[0.497s] Level 1:colcon.colcon_core.package_discovery:discover_packages(ignore) check parameters
[0.497s] Level 1:colcon.colcon_core.package_discovery:discover_packages(path) check parameters
[0.497s] Level 1:colcon.colcon_core.package_discovery:discover_packages(colcon_meta) discover
[0.497s] Level 1:colcon.colcon_core.package_discovery:discover_packages(recursive) discover
[0.497s] INFO:colcon.colcon_core.package_discovery:Crawling recursively for packages in '/home/jack/ROS'
[0.497s] Level 1:colcon.colcon_core.package_identification:_identify(.) by extensions ['ignore', 'ignore_ament_install']
[0.497s] Level 1:colcon.colcon_core.package_identification:_identify(.) by extension 'ignore'
[0.497s] Level 1:colcon.colcon_core.package_identification:_identify(.) by extension 'ignore_ament_install'
[0.498s] Level 1:colcon.colcon_core.package_identification:_identify(.) by extensions ['colcon_pkg']
[0.498s] Level 1:colcon.colcon_core.package_identification:_identify(.) by extension 'colcon_pkg'
[0.498s] Level 1:colcon.colcon_core.package_identification:_identify(.) by extensions ['colcon_meta']
[0.498s] Level 1:colcon.colcon_core.package_identification:_identify(.) by extension 'colcon_meta'
[0.498s] Level 1:colcon.colcon_core.package_identification:_identify(.) by extensions ['ros']
[0.498s] Level 1:colcon.colcon_core.package_identification:_identify(.) by extension 'ros'
[0.510s] Level 1:colcon.colcon_core.package_identification:_identify(.) by extensions ['cmake', 'python']
[0.510s] Level 1:colcon.colcon_core.package_identification:_identify(.) by extension 'cmake'
[0.510s] Level 1:colcon.colcon_core.package_identification:_identify(.) by extension 'python'
[0.510s] Level 1:colcon.colcon_core.package_identification:_identify(.) by extensions ['python_setup_py']
[0.510s] Level 1:colcon.colcon_core.package_identification:_identify(.) by extension 'python_setup_py'
[0.510s] Level 1:colcon.colcon_core.package_identification:_identify(build) by extensions ['ignore', 'ignore_ament_install']
[0.510s] Level 1:colcon.colcon_core.package_identification:_identify(build) by extension 'ignore'
[0.510s] Level 1:colcon.colcon_core.package_identification:_identify(build) ignored
[0.510s] Level 1:colcon.colcon_core.package_identification:_identify(install) by extensions ['ignore', 'ignore_ament_install']
[0.511s] Level 1:colcon.colcon_core.package_identification:_identify(install) by extension 'ignore'
[0.511s] Level 1:colcon.colcon_core.package_identification:_identify(install) ignored
[0.511s] Level 1:colcon.colcon_core.package_identification:_identify(kruskal) by extensions ['ignore', 'ignore_ament_install']
[0.511s] Level 1:colcon.colcon_core.package_identification:_identify(kruskal) by extension 'ignore'
[0.511s] Level 1:colcon.colcon_core.package_identification:_identify(kruskal) by extension 'ignore_ament_install'
[0.511s] Level 1:colcon.colcon_core.package_identification:_identify(kruskal) by extensions ['colcon_pkg']
[0.511s] Level 1:colcon.colcon_core.package_identification:_identify(kruskal) by extension 'colcon_pkg'
[0.511s] Level 1:colcon.colcon_core.package_identification:_identify(kruskal) by extensions ['colcon_meta']
[0.511s] Level 1:colcon.colcon_core.package_identification:_identify(kruskal) by extension 'colcon_meta'
[0.511s] Level 1:colcon.colcon_core.package_identification:_identify(kruskal) by extensions ['ros']
[0.511s] Level 1:colcon.colcon_core.package_identification:_identify(kruskal) by extension 'ros'
[0.514s] DEBUG:colcon.colcon_core.package_identification:Package 'kruskal' with type 'ros.ament_cmake' and name 'kruskal'
[0.514s] Level 1:colcon.colcon_core.package_identification:_identify(log) by extensions ['ignore', 'ignore_ament_install']
[0.514s] Level 1:colcon.colcon_core.package_identification:_identify(log) by extension 'ignore'
[0.514s] Level 1:colcon.colcon_core.package_identification:_identify(log) ignored
[0.514s] Level 1:colcon.colcon_core.package_discovery:discover_packages(recursive) using defaults
[0.515s] Level 1:colcon.colcon_core.package_discovery:discover_packages(ignore) discover
[0.515s] Level 1:colcon.colcon_core.package_discovery:discover_packages(ignore) using defaults
[0.515s] Level 1:colcon.colcon_core.package_discovery:discover_packages(path) discover
[0.515s] Level 1:colcon.colcon_core.package_discovery:discover_packages(path) using defaults
[0.557s] Level 1:colcon.colcon_core.package_discovery:discover_packages(prefix_path) check parameters
[0.557s] Level 1:colcon.colcon_core.package_discovery:discover_packages(prefix_path) discover
[0.561s] DEBUG:colcon.colcon_installed_package_information.package_discovery:Found 1 installed packages in /home/jack/ROS/install
[0.563s] DEBUG:colcon.colcon_installed_package_information.package_discovery:Found 365 installed packages in /opt/ros/humble
[0.564s] Level 1:colcon.colcon_core.package_discovery:discover_packages(prefix_path) using defaults
[0.650s] Level 5:colcon.colcon_core.verb:set package 'kruskal' build argument 'cmake_args' from command line to 'None'
[0.650s] Level 5:colcon.colcon_core.verb:set package 'kruskal' build argument 'cmake_target' from command line to 'None'
[0.650s] Level 5:colcon.colcon_core.verb:set package 'kruskal' build argument 'cmake_target_skip_unavailable' from command line to 'False'
[0.650s] Level 5:colcon.colcon_core.verb:set package 'kruskal' build argument 'cmake_clean_cache' from command line to 'False'
[0.650s] Level 5:colcon.colcon_core.verb:set package 'kruskal' build argument 'cmake_clean_first' from command line to 'False'
[0.650s] Level 5:colcon.colcon_core.verb:set package 'kruskal' build argument 'cmake_force_configure' from command line to 'False'
[0.650s] Level 5:colcon.colcon_core.verb:set package 'kruskal' build argument 'ament_cmake_args' from command line to 'None'
[0.651s] Level 5:colcon.colcon_core.verb:set package 'kruskal' build argument 'catkin_cmake_args' from command line to 'None'
[0.651s] Level 5:colcon.colcon_core.verb:set package 'kruskal' build argument 'catkin_skip_building_tests' from command line to 'False'
[0.651s] DEBUG:colcon.colcon_core.verb:Building package 'kruskal' with the following arguments: {'ament_cmake_args': None, 'build_base': '/home/jack/ROS/build/kruskal', 'catkin_cmake_args': None, 'catkin_skip_building_tests': False, 'cmake_args': None, 'cmake_clean_cache': False, 'cmake_clean_first': False, 'cmake_force_configure': False, 'cmake_target': None, 'cmake_target_skip_unavailable': False, 'install_base': '/home/jack/ROS/install/kruskal', 'merge_install': False, 'path': '/home/jack/ROS/kruskal', 'symlink_install': True, 'test_result_base': None}
[0.651s] INFO:colcon.colcon_core.executor:Executing jobs using 'parallel' executor
[0.652s] DEBUG:colcon.colcon_parallel_executor.executor.parallel:run_until_complete
[0.652s] INFO:colcon.colcon_ros.task.ament_cmake.build:Building ROS package in '/home/jack/ROS/kruskal' with build type 'ament_cmake'
[0.652s] INFO:colcon.colcon_cmake.task.cmake.build:Building CMake package in '/home/jack/ROS/kruskal'
[0.658s] INFO:colcon.colcon_core.plugin_system:Skipping extension 'colcon_core.shell.bat': Not used on non-Windows systems
[0.658s] INFO:colcon.colcon_core.shell:Skip shell extension 'powershell' for command environment: Not usable outside of PowerShell
[0.658s] DEBUG:colcon.colcon_core.shell:Skip shell extension 'dsv' for command environment
[0.677s] DEBUG:colcon.colcon_core.event_handler.log_command:Invoking command in '/home/jack/ROS/build/kruskal': CMAKE_PREFIX_PATH=${CMAKE_PREFIX_PATH}:/opt/ros/humble /usr/bin/cmake --build /home/jack/ROS/build/kruskal -- -j12 -l12
[0.807s] DEBUG:colcon.colcon_core.event_handler.log_command:Invoked command in '/home/jack/ROS/build/kruskal' returned '0': CMAKE_PREFIX_PATH=${CMAKE_PREFIX_PATH}:/opt/ros/humble /usr/bin/cmake --build /home/jack/ROS/build/kruskal -- -j12 -l12
[0.829s] DEBUG:colcon.colcon_core.event_handler.log_command:Invoking command in '/home/jack/ROS/build/kruskal': CMAKE_PREFIX_PATH=${CMAKE_PREFIX_PATH}:/opt/ros/humble /usr/bin/cmake --install /home/jack/ROS/build/kruskal
[0.909s] Level 1:colcon.colcon_core.environment:create_environment_scripts_only(kruskal)
[0.909s] DEBUG:colcon.colcon_core.event_handler.log_command:Invoked command in '/home/jack/ROS/build/kruskal' returned '0': CMAKE_PREFIX_PATH=${CMAKE_PREFIX_PATH}:/opt/ros/humble /usr/bin/cmake --install /home/jack/ROS/build/kruskal
[0.916s] Level 1:colcon.colcon_core.environment:checking '/home/jack/ROS/install/kruskal' for CMake module files
[0.917s] Level 1:colcon.colcon_core.environment:checking '/home/jack/ROS/install/kruskal' for CMake config files
[0.918s] Level 1:colcon.colcon_core.shell:create_environment_hook('kruskal', 'cmake_prefix_path')
[0.918s] INFO:colcon.colcon_core.shell:Creating environment hook '/home/jack/ROS/install/kruskal/share/kruskal/hook/cmake_prefix_path.ps1'
[0.919s] INFO:colcon.colcon_core.shell:Creating environment descriptor '/home/jack/ROS/install/kruskal/share/kruskal/hook/cmake_prefix_path.dsv'
[0.919s] INFO:colcon.colcon_core.shell:Creating environment hook '/home/jack/ROS/install/kruskal/share/kruskal/hook/cmake_prefix_path.sh'
[0.920s] Level 1:colcon.colcon_core.environment:checking '/home/jack/ROS/install/kruskal/bin'
[0.920s] Level 1:colcon.colcon_core.environment:checking '/home/jack/ROS/install/kruskal/lib/pkgconfig/kruskal.pc'
[0.920s] Level 1:colcon.colcon_core.environment:checking '/home/jack/ROS/install/kruskal/lib/python3.10/site-packages'
[0.920s] Level 1:colcon.colcon_core.environment:checking '/home/jack/ROS/install/kruskal/bin'
[0.921s] INFO:colcon.colcon_core.shell:Creating package script '/home/jack/ROS/install/kruskal/share/kruskal/package.ps1'
[0.922s] INFO:colcon.colcon_core.shell:Creating package descriptor '/home/jack/ROS/install/kruskal/share/kruskal/package.dsv'
[0.922s] INFO:colcon.colcon_core.shell:Creating package script '/home/jack/ROS/install/kruskal/share/kruskal/package.sh'
[0.923s] INFO:colcon.colcon_core.shell:Creating package script '/home/jack/ROS/install/kruskal/share/kruskal/package.bash'
[0.924s] INFO:colcon.colcon_core.shell:Creating package script '/home/jack/ROS/install/kruskal/share/kruskal/package.zsh'
[0.925s] Level 1:colcon.colcon_core.environment:create_file_with_runtime_dependencies(/home/jack/ROS/install/kruskal/share/colcon-core/packages/kruskal)
[0.925s] Level 1:colcon.colcon_core.environment:create_environment_scripts_only(kruskal)
[0.925s] Level 1:colcon.colcon_core.environment:checking '/home/jack/ROS/install/kruskal' for CMake module files
[0.926s] Level 1:colcon.colcon_core.environment:checking '/home/jack/ROS/install/kruskal' for CMake config files
[0.926s] Level 1:colcon.colcon_core.shell:create_environment_hook('kruskal', 'cmake_prefix_path')
[0.926s] INFO:colcon.colcon_core.shell:Creating environment hook '/home/jack/ROS/install/kruskal/share/kruskal/hook/cmake_prefix_path.ps1'
[0.927s] INFO:colcon.colcon_core.shell:Creating environment descriptor '/home/jack/ROS/install/kruskal/share/kruskal/hook/cmake_prefix_path.dsv'
[0.927s] INFO:colcon.colcon_core.shell:Creating environment hook '/home/jack/ROS/install/kruskal/share/kruskal/hook/cmake_prefix_path.sh'
[0.927s] Level 1:colcon.colcon_core.environment:checking '/home/jack/ROS/install/kruskal/bin'
[0.927s] Level 1:colcon.colcon_core.environment:checking '/home/jack/ROS/install/kruskal/lib/pkgconfig/kruskal.pc'
[0.928s] Level 1:colcon.colcon_core.environment:checking '/home/jack/ROS/install/kruskal/lib/python3.10/site-packages'
[0.928s] Level 1:colcon.colcon_core.environment:checking '/home/jack/ROS/install/kruskal/bin'
[0.928s] INFO:colcon.colcon_core.shell:Creating package script '/home/jack/ROS/install/kruskal/share/kruskal/package.ps1'
[0.928s] INFO:colcon.colcon_core.shell:Creating package descriptor '/home/jack/ROS/install/kruskal/share/kruskal/package.dsv'
[0.929s] INFO:colcon.colcon_core.shell:Creating package script '/home/jack/ROS/install/kruskal/share/kruskal/package.sh'
[0.929s] INFO:colcon.colcon_core.shell:Creating package script '/home/jack/ROS/install/kruskal/share/kruskal/package.bash'
[0.929s] INFO:colcon.colcon_core.shell:Creating package script '/home/jack/ROS/install/kruskal/share/kruskal/package.zsh'
[0.930s] Level 1:colcon.colcon_core.environment:create_file_with_runtime_dependencies(/home/jack/ROS/install/kruskal/share/colcon-core/packages/kruskal)
[0.930s] DEBUG:colcon.colcon_parallel_executor.executor.parallel:closing loop
[0.930s] DEBUG:colcon.colcon_parallel_executor.executor.parallel:loop closed
[0.930s] DEBUG:colcon.colcon_parallel_executor.executor.parallel:run_until_complete finished with '0'
[0.930s] DEBUG:colcon.colcon_core.event_reactor:joining thread
[0.942s] INFO:colcon.colcon_core.plugin_system:Skipping extension 'colcon_notification.desktop_notification.terminal_notifier': Not used on non-Darwin systems
[0.943s] INFO:colcon.colcon_core.plugin_system:Skipping extension 'colcon_notification.desktop_notification.win32': Not used on non-Windows systems
[0.943s] INFO:colcon.colcon_notification.desktop_notification:Sending desktop notification using 'notify2'
[0.964s] DEBUG:colcon.colcon_core.event_reactor:joined thread
[0.964s] INFO:colcon.colcon_core.shell:Creating prefix script '/home/jack/ROS/install/local_setup.ps1'
[0.965s] INFO:colcon.colcon_core.shell:Creating prefix util module '/home/jack/ROS/install/_local_setup_util_ps1.py'
[0.967s] INFO:colcon.colcon_core.shell:Creating prefix chain script '/home/jack/ROS/install/setup.ps1'
[0.968s] INFO:colcon.colcon_core.shell:Creating prefix script '/home/jack/ROS/install/local_setup.sh'
[0.969s] INFO:colcon.colcon_core.shell:Creating prefix util module '/home/jack/ROS/install/_local_setup_util_sh.py'
[0.969s] INFO:colcon.colcon_core.shell:Creating prefix chain script '/home/jack/ROS/install/setup.sh'
[0.971s] INFO:colcon.colcon_core.shell:Creating prefix script '/home/jack/ROS/install/local_setup.bash'
[0.971s] INFO:colcon.colcon_core.shell:Creating prefix chain script '/home/jack/ROS/install/setup.bash'
[0.972s] INFO:colcon.colcon_core.shell:Creating prefix script '/home/jack/ROS/install/local_setup.zsh'
[0.973s] INFO:colcon.colcon_core.shell:Creating prefix chain script '/home/jack/ROS/install/setup.zsh'
