[0.013s] Invoking command in '/home/jack/kruskal/ros_ws/build/kruskal': CMAKE_PREFIX_PATH=${CMAKE_PREFIX_PATH}:/opt/ros/humble PS1=(venv) \[\e]0;\u@\h: \w\a\]${debian_chroot:+($debian_chroot)}\[\033[01;32m\]\u@\h\[\033[00m\]:\[\033[01;34m\]\w\[\033[00m\]\$ VIRTUAL_ENV_PROMPT=(venv) /usr/bin/cmake /home/jack/kruskal/ros_ws/src/kruskal -DAMENT_CMAKE_SYMLINK_INSTALL=1 -DCMAKE_INSTALL_PREFIX=/home/jack/kruskal/ros_ws/install/kruskal
[0.100s] -- The C compiler identification is GNU 11.4.0
[0.161s] -- The CXX compiler identification is GNU 11.4.0
[0.170s] -- Detecting C compiler ABI info
[0.249s] -- Detecting C compiler ABI info - done
[0.265s] -- Check for working C compiler: /usr/bin/cc - skipped
[0.265s] -- Detecting C compile features
[0.266s] -- Detecting C compile features - done
[0.272s] -- Detecting CXX compiler ABI info
[0.392s] -- Detecting CXX compiler ABI info - done
[0.412s] -- Check for working CXX compiler: /usr/bin/c++ - skipped
[0.412s] -- Detecting CXX compile features
[0.413s] -- Detecting CXX compile features - done
[0.420s] -- Found ament_cmake: 1.3.11 (/opt/ros/humble/share/ament_cmake/cmake)
[0.606s] -- Found Python3: /home/jack/kruskal/commands/venv/bin/python3 (found version "3.10.12") found components: Interpreter 
[0.660s] -- Override CMake install command with custom implementation using symlinks instead of copying resources
[0.690s] -- Found ament_lint_auto: 0.12.11 (/opt/ros/humble/share/ament_lint_auto/cmake)
[0.781s] -- Added test 'copyright' to check source files copyright and LICENSE
[0.785s] -- Added test 'flake8' to check Python code syntax and style conventions
[0.785s] -- Added test 'lint_cmake' to check CMake code style
[0.786s] -- Added test 'pep257' to check Python code against some of the docstring style conventions in PEP 257
[0.788s] -- Added test 'xmllint' to check XML markup files
[0.790s] -- Configuring done
[0.793s] -- Generating done
[0.795s] -- Build files have been written to: /home/jack/kruskal/ros_ws/build/kruskal
[0.800s] Invoked command in '/home/jack/kruskal/ros_ws/build/kruskal' returned '0': CMAKE_PREFIX_PATH=${CMAKE_PREFIX_PATH}:/opt/ros/humble PS1=(venv) \[\e]0;\u@\h: \w\a\]${debian_chroot:+($debian_chroot)}\[\033[01;32m\]\u@\h\[\033[00m\]:\[\033[01;34m\]\w\[\033[00m\]\$ VIRTUAL_ENV_PROMPT=(venv) /usr/bin/cmake /home/jack/kruskal/ros_ws/src/kruskal -DAMENT_CMAKE_SYMLINK_INSTALL=1 -DCMAKE_INSTALL_PREFIX=/home/jack/kruskal/ros_ws/install/kruskal
[0.802s] Invoking command in '/home/jack/kruskal/ros_ws/build/kruskal': CMAKE_PREFIX_PATH=${CMAKE_PREFIX_PATH}:/opt/ros/humble PS1=(venv) \[\e]0;\u@\h: \w\a\]${debian_chroot:+($debian_chroot)}\[\033[01;32m\]\u@\h\[\033[00m\]:\[\033[01;34m\]\w\[\033[00m\]\$ VIRTUAL_ENV_PROMPT=(venv) /usr/bin/cmake --build /home/jack/kruskal/ros_ws/build/kruskal -- -j12 -l12
[0.871s] Invoked command in '/home/jack/kruskal/ros_ws/build/kruskal' returned '0': CMAKE_PREFIX_PATH=${CMAKE_PREFIX_PATH}:/opt/ros/humble PS1=(venv) \[\e]0;\u@\h: \w\a\]${debian_chroot:+($debian_chroot)}\[\033[01;32m\]\u@\h\[\033[00m\]:\[\033[01;34m\]\w\[\033[00m\]\$ VIRTUAL_ENV_PROMPT=(venv) /usr/bin/cmake --build /home/jack/kruskal/ros_ws/build/kruskal -- -j12 -l12
[0.893s] Invoking command in '/home/jack/kruskal/ros_ws/build/kruskal': CMAKE_PREFIX_PATH=${CMAKE_PREFIX_PATH}:/opt/ros/humble PS1=(venv) \[\e]0;\u@\h: \w\a\]${debian_chroot:+($debian_chroot)}\[\033[01;32m\]\u@\h\[\033[00m\]:\[\033[01;34m\]\w\[\033[00m\]\$ VIRTUAL_ENV_PROMPT=(venv) /usr/bin/cmake --install /home/jack/kruskal/ros_ws/build/kruskal
[0.907s] -- Install configuration: ""
[0.908s] -- Execute custom install script
[0.910s] -- Symlinking: /home/jack/kruskal/ros_ws/install/kruskal/share/kruskal/config/drive_bot.rviz
[0.922s] -- Symlinking: /home/jack/kruskal/ros_ws/install/kruskal/share/kruskal/config/empty.yaml
[0.934s] -- Symlinking: /home/jack/kruskal/ros_ws/install/kruskal/share/kruskal/config/gazebo_params.yaml
[0.945s] -- Symlinking: /home/jack/kruskal/ros_ws/install/kruskal/share/kruskal/config/kruskal.rvis.rviz
[0.963s] -- Symlinking: /home/jack/kruskal/ros_ws/install/kruskal/share/kruskal/config/mapper_params_online_async.yaml
[0.978s] -- Symlinking: /home/jack/kruskal/ros_ws/install/kruskal/share/kruskal/config/my_controllers.yaml
[0.990s] -- Symlinking: /home/jack/kruskal/ros_ws/install/kruskal/share/kruskal/config/nav2_params.yaml
[1.006s] -- Symlinking: /home/jack/kruskal/ros_ws/install/kruskal/share/kruskal/config/slam.rviz
[1.018s] -- Symlinking: /home/jack/kruskal/ros_ws/install/kruskal/share/kruskal/config/twist_mux.yaml
[1.029s] -- Symlinking: /home/jack/kruskal/ros_ws/install/kruskal/share/kruskal/description/gazebo_control.xacro
[1.040s] -- Symlinking: /home/jack/kruskal/ros_ws/install/kruskal/share/kruskal/description/inertial_macros.xacro
[1.051s] -- Symlinking: /home/jack/kruskal/ros_ws/install/kruskal/share/kruskal/description/lidar.xacro
[1.062s] -- Symlinking: /home/jack/kruskal/ros_ws/install/kruskal/share/kruskal/description/robot.urdf.xacro
[1.072s] -- Symlinking: /home/jack/kruskal/ros_ws/install/kruskal/share/kruskal/description/robot_core.xacro
[1.082s] -- Symlinking: /home/jack/kruskal/ros_ws/install/kruskal/share/kruskal/description/ros2_control.xacro
[1.093s] -- Symlinking: /home/jack/kruskal/ros_ws/install/kruskal/share/kruskal/launch/launch_sim.launch.py
[1.104s] -- Symlinking: /home/jack/kruskal/ros_ws/install/kruskal/share/kruskal/launch/rsp.launch.py
[1.114s] -- Symlinking: /home/jack/kruskal/ros_ws/install/kruskal/share/kruskal/worlds/empty.world
[1.123s] -- Symlinking: /home/jack/kruskal/ros_ws/install/kruskal/share/kruskal/worlds/obstacles
[1.134s] -- Symlinking: /home/jack/kruskal/ros_ws/install/kruskal/share/kruskal/worlds/playground.world
[1.144s] -- Symlinking: /home/jack/kruskal/ros_ws/install/kruskal/share/kruskal/src/kruskal/navigate_to_coords.py
[1.154s] -- Symlinking: /home/jack/kruskal/ros_ws/install/kruskal/lib/kruskal/navigate_to_coords.py
[1.165s] -- Symlinking: /home/jack/kruskal/ros_ws/install/kruskal/share/ament_index/resource_index/package_run_dependencies/kruskal
[1.175s] -- Symlinking: /home/jack/kruskal/ros_ws/install/kruskal/share/ament_index/resource_index/parent_prefix_path/kruskal
[1.186s] -- Symlinking: /home/jack/kruskal/ros_ws/install/kruskal/share/kruskal/environment/ament_prefix_path.sh
[1.197s] -- Symlinking: /home/jack/kruskal/ros_ws/install/kruskal/share/kruskal/environment/ament_prefix_path.dsv
[1.207s] -- Symlinking: /home/jack/kruskal/ros_ws/install/kruskal/share/kruskal/environment/path.sh
[1.217s] -- Symlinking: /home/jack/kruskal/ros_ws/install/kruskal/share/kruskal/environment/path.dsv
[1.228s] -- Symlinking: /home/jack/kruskal/ros_ws/install/kruskal/share/kruskal/local_setup.bash
[1.239s] -- Symlinking: /home/jack/kruskal/ros_ws/install/kruskal/share/kruskal/local_setup.sh
[1.248s] -- Symlinking: /home/jack/kruskal/ros_ws/install/kruskal/share/kruskal/local_setup.zsh
[1.259s] -- Symlinking: /home/jack/kruskal/ros_ws/install/kruskal/share/kruskal/local_setup.dsv
[1.269s] -- Symlinking: /home/jack/kruskal/ros_ws/install/kruskal/share/kruskal/package.dsv
[1.280s] -- Symlinking: /home/jack/kruskal/ros_ws/install/kruskal/share/ament_index/resource_index/packages/kruskal
[1.291s] -- Symlinking: /home/jack/kruskal/ros_ws/install/kruskal/share/kruskal/cmake/kruskalConfig.cmake
[1.302s] -- Symlinking: /home/jack/kruskal/ros_ws/install/kruskal/share/kruskal/cmake/kruskalConfig-version.cmake
[1.312s] -- Symlinking: /home/jack/kruskal/ros_ws/install/kruskal/share/kruskal/package.xml
[1.324s] Invoked command in '/home/jack/kruskal/ros_ws/build/kruskal' returned '0': CMAKE_PREFIX_PATH=${CMAKE_PREFIX_PATH}:/opt/ros/humble PS1=(venv) \[\e]0;\u@\h: \w\a\]${debian_chroot:+($debian_chroot)}\[\033[01;32m\]\u@\h\[\033[00m\]:\[\033[01;34m\]\w\[\033[00m\]\$ VIRTUAL_ENV_PROMPT=(venv) /usr/bin/cmake --install /home/jack/kruskal/ros_ws/build/kruskal
