-- Install configuration: ""
-- Execute custom install script
-- Up-to-date symlink: /home/jack/ROS/install/kruskal/share/kruskal/config/empty.yaml
-- Symlinking: /home/jack/ROS/install/kruskal/share/kruskal/description/inertial_macros.xacro
-- Up-to-date symlink: /home/jack/ROS/install/kruskal/share/kruskal/description/robot.urdf.xacro
-- Up-to-date symlink: /home/jack/ROS/install/kruskal/share/kruskal/description/robot_core.xacro
-- Up-to-date symlink: /home/jack/ROS/install/kruskal/share/kruskal/launch/rsp.launch.py
-- Up-to-date symlink: /home/jack/ROS/install/kruskal/share/kruskal/worlds/empty.world
-- Up-to-date symlink: /home/jack/ROS/install/kruskal/share/ament_index/resource_index/package_run_dependencies/kruskal
-- Up-to-date symlink: /home/jack/ROS/install/kruskal/share/ament_index/resource_index/parent_prefix_path/kruskal
-- Up-to-date symlink: /home/jack/ROS/install/kruskal/share/kruskal/environment/ament_prefix_path.sh
-- Up-to-date symlink: /home/jack/ROS/install/kruskal/share/kruskal/environment/ament_prefix_path.dsv
-- Up-to-date symlink: /home/jack/ROS/install/kruskal/share/kruskal/environment/path.sh
-- Up-to-date symlink: /home/jack/ROS/install/kruskal/share/kruskal/environment/path.dsv
-- Up-to-date symlink: /home/jack/ROS/install/kruskal/share/kruskal/local_setup.bash
-- Up-to-date symlink: /home/jack/ROS/install/kruskal/share/kruskal/local_setup.sh
-- Up-to-date symlink: /home/jack/ROS/install/kruskal/share/kruskal/local_setup.zsh
-- Up-to-date symlink: /home/jack/ROS/install/kruskal/share/kruskal/local_setup.dsv
-- Symlinking: /home/jack/ROS/install/kruskal/share/kruskal/package.dsv
-- Up-to-date symlink: /home/jack/ROS/install/kruskal/share/ament_index/resource_index/packages/kruskal
-- Up-to-date symlink: /home/jack/ROS/install/kruskal/share/kruskal/cmake/kruskalConfig.cmake
-- Up-to-date symlink: /home/jack/ROS/install/kruskal/share/kruskal/cmake/kruskalConfig-version.cmake
-- Up-to-date symlink: /home/jack/ROS/install/kruskal/share/kruskal/package.xml
