[0.180s] DEBUG:colcon:Command line arguments: ['/usr/bin/colcon', 'build', '--symlink-install']
[0.180s] DEBUG:colcon:Parsed command line arguments: Namespace(log_base=None, log_level=None, verb_name='build', build_base='build', install_base='install', merge_install=False, symlink_install=True, test_result_base=None, continue_on_error=False, executor='parallel', parallel_workers=12, event_handlers=None, ignore_user_meta=False, metas=['./colcon.meta'], base_paths=['.'], packages_ignore=None, packages_ignore_regex=None, paths=None, packages_up_to=None, packages_up_to_regex=None, packages_above=None, packages_above_and_dependencies=None, packages_above_depth=None, packages_select_by_dep=None, packages_skip_by_dep=None, packages_skip_up_to=None, packages_select_build_failed=False, packages_skip_build_finished=False, packages_select_test_failures=False, packages_skip_test_passed=False, packages_select=None, packages_skip=None, packages_select_regex=None, packages_skip_regex=None, packages_start=None, packages_end=None, allow_overriding=[], cmake_args=None, cmake_target=None, cmake_target_skip_unavailable=False, cmake_clean_cache=False, cmake_clean_first=False, cmake_force_configure=False, ament_cmake_args=None, catkin_cmake_args=None, catkin_skip_building_tests=False, mixin_files=None, mixin=None, verb_parser=<colcon_mixin.mixin.mixin_argument.MixinArgumentDecorator object at 0x79ff1a41e9e0>, verb_extension=<colcon_core.verb.build.BuildVerb object at 0x79ff1a5b7670>, main=<bound method BuildVerb.main of <colcon_core.verb.build.BuildVerb object at 0x79ff1a5b7670>>, mixin_verb=('build',))
[0.469s] Level 1:colcon.colcon_core.package_discovery:discover_packages(colcon_meta) check parameters
[0.469s] Level 1:colcon.colcon_core.package_discovery:discover_packages(recursive) check parameters
[0.469s] Level 1:colcon.colcon_core.package_discovery:discover_packages(ignore) check parameters
[0.469s] Level 1:colcon.colcon_core.package_discovery:discover_packages(path) check parameters
[0.469s] Level 1:colcon.colcon_core.package_discovery:discover_packages(colcon_meta) discover
[0.469s] Level 1:colcon.colcon_core.package_discovery:discover_packages(recursive) discover
[0.469s] INFO:colcon.colcon_core.package_discovery:Crawling recursively for packages in '/home/jack/kruskal/ros'
[0.469s] Level 1:colcon.colcon_core.package_identification:_identify(.) by extensions ['ignore', 'ignore_ament_install']
[0.469s] Level 1:colcon.colcon_core.package_identification:_identify(.) by extension 'ignore'
[0.469s] Level 1:colcon.colcon_core.package_identification:_identify(.) by extension 'ignore_ament_install'
[0.469s] Level 1:colcon.colcon_core.package_identification:_identify(.) by extensions ['colcon_pkg']
[0.469s] Level 1:colcon.colcon_core.package_identification:_identify(.) by extension 'colcon_pkg'
[0.469s] Level 1:colcon.colcon_core.package_identification:_identify(.) by extensions ['colcon_meta']
[0.469s] Level 1:colcon.colcon_core.package_identification:_identify(.) by extension 'colcon_meta'
[0.469s] Level 1:colcon.colcon_core.package_identification:_identify(.) by extensions ['ros']
[0.469s] Level 1:colcon.colcon_core.package_identification:_identify(.) by extension 'ros'
[0.484s] Level 1:colcon.colcon_core.package_identification:_identify(.) by extensions ['cmake', 'python']
[0.484s] Level 1:colcon.colcon_core.package_identification:_identify(.) by extension 'cmake'
[0.484s] Level 1:colcon.colcon_core.package_identification:_identify(.) by extension 'python'
[0.484s] Level 1:colcon.colcon_core.package_identification:_identify(.) by extensions ['python_setup_py']
[0.484s] Level 1:colcon.colcon_core.package_identification:_identify(.) by extension 'python_setup_py'
[0.484s] Level 1:colcon.colcon_core.package_identification:_identify(build) by extensions ['ignore', 'ignore_ament_install']
[0.484s] Level 1:colcon.colcon_core.package_identification:_identify(build) by extension 'ignore'
[0.484s] Level 1:colcon.colcon_core.package_identification:_identify(build) ignored
[0.484s] Level 1:colcon.colcon_core.package_identification:_identify(install) by extensions ['ignore', 'ignore_ament_install']
[0.484s] Level 1:colcon.colcon_core.package_identification:_identify(install) by extension 'ignore'
[0.484s] Level 1:colcon.colcon_core.package_identification:_identify(install) ignored
[0.484s] Level 1:colcon.colcon_core.package_identification:_identify(kruskal) by extensions ['ignore', 'ignore_ament_install']
[0.484s] Level 1:colcon.colcon_core.package_identification:_identify(kruskal) by extension 'ignore'
[0.484s] Level 1:colcon.colcon_core.package_identification:_identify(kruskal) by extension 'ignore_ament_install'
[0.485s] Level 1:colcon.colcon_core.package_identification:_identify(kruskal) by extensions ['colcon_pkg']
[0.485s] Level 1:colcon.colcon_core.package_identification:_identify(kruskal) by extension 'colcon_pkg'
[0.485s] Level 1:colcon.colcon_core.package_identification:_identify(kruskal) by extensions ['colcon_meta']
[0.485s] Level 1:colcon.colcon_core.package_identification:_identify(kruskal) by extension 'colcon_meta'
[0.485s] Level 1:colcon.colcon_core.package_identification:_identify(kruskal) by extensions ['ros']
[0.485s] Level 1:colcon.colcon_core.package_identification:_identify(kruskal) by extension 'ros'
[0.488s] DEBUG:colcon.colcon_core.package_identification:Package 'kruskal' with type 'ros.ament_cmake' and name 'kruskal'
[0.488s] Level 1:colcon.colcon_core.package_identification:_identify(log) by extensions ['ignore', 'ignore_ament_install']
[0.488s] Level 1:colcon.colcon_core.package_identification:_identify(log) by extension 'ignore'
[0.488s] Level 1:colcon.colcon_core.package_identification:_identify(log) ignored
[0.488s] Level 1:colcon.colcon_core.package_discovery:discover_packages(recursive) using defaults
[0.488s] Level 1:colcon.colcon_core.package_discovery:discover_packages(ignore) discover
[0.488s] Level 1:colcon.colcon_core.package_discovery:discover_packages(ignore) using defaults
[0.488s] Level 1:colcon.colcon_core.package_discovery:discover_packages(path) discover
[0.488s] Level 1:colcon.colcon_core.package_discovery:discover_packages(path) using defaults
[0.524s] Level 1:colcon.colcon_core.package_discovery:discover_packages(prefix_path) check parameters
[0.524s] Level 1:colcon.colcon_core.package_discovery:discover_packages(prefix_path) discover
[0.527s] DEBUG:colcon.colcon_installed_package_information.package_discovery:Found 1 installed packages in /home/jack/kruskal/ros/install
[0.528s] DEBUG:colcon.colcon_installed_package_information.package_discovery:Found 365 installed packages in /opt/ros/humble
[0.530s] Level 1:colcon.colcon_core.package_discovery:discover_packages(prefix_path) using defaults
[0.567s] Level 5:colcon.colcon_core.verb:set package 'kruskal' build argument 'cmake_args' from command line to 'None'
[0.567s] Level 5:colcon.colcon_core.verb:set package 'kruskal' build argument 'cmake_target' from command line to 'None'
[0.567s] Level 5:colcon.colcon_core.verb:set package 'kruskal' build argument 'cmake_target_skip_unavailable' from command line to 'False'
[0.567s] Level 5:colcon.colcon_core.verb:set package 'kruskal' build argument 'cmake_clean_cache' from command line to 'False'
[0.568s] Level 5:colcon.colcon_core.verb:set package 'kruskal' build argument 'cmake_clean_first' from command line to 'False'
[0.568s] Level 5:colcon.colcon_core.verb:set package 'kruskal' build argument 'cmake_force_configure' from command line to 'False'
[0.568s] Level 5:colcon.colcon_core.verb:set package 'kruskal' build argument 'ament_cmake_args' from command line to 'None'
[0.568s] Level 5:colcon.colcon_core.verb:set package 'kruskal' build argument 'catkin_cmake_args' from command line to 'None'
[0.568s] Level 5:colcon.colcon_core.verb:set package 'kruskal' build argument 'catkin_skip_building_tests' from command line to 'False'
[0.568s] DEBUG:colcon.colcon_core.verb:Building package 'kruskal' with the following arguments: {'ament_cmake_args': None, 'build_base': '/home/jack/kruskal/ros/build/kruskal', 'catkin_cmake_args': None, 'catkin_skip_building_tests': False, 'cmake_args': None, 'cmake_clean_cache': False, 'cmake_clean_first': False, 'cmake_force_configure': False, 'cmake_target': None, 'cmake_target_skip_unavailable': False, 'install_base': '/home/jack/kruskal/ros/install/kruskal', 'merge_install': False, 'path': '/home/jack/kruskal/ros/kruskal', 'symlink_install': True, 'test_result_base': None}
[0.568s] INFO:colcon.colcon_core.executor:Executing jobs using 'parallel' executor
[0.569s] DEBUG:colcon.colcon_parallel_executor.executor.parallel:run_until_complete
[0.569s] INFO:colcon.colcon_ros.task.ament_cmake.build:Building ROS package in '/home/jack/kruskal/ros/kruskal' with build type 'ament_cmake'
[0.569s] INFO:colcon.colcon_cmake.task.cmake.build:Building CMake package in '/home/jack/kruskal/ros/kruskal'
[0.574s] INFO:colcon.colcon_core.plugin_system:Skipping extension 'colcon_core.shell.bat': Not used on non-Windows systems
[0.574s] INFO:colcon.colcon_core.shell:Skip shell extension 'powershell' for command environment: Not usable outside of PowerShell
[0.574s] DEBUG:colcon.colcon_core.shell:Skip shell extension 'dsv' for command environment
[0.586s] DEBUG:colcon.colcon_core.event_handler.log_command:Invoking command in '/home/jack/kruskal/ros/build/kruskal': CMAKE_PREFIX_PATH=${CMAKE_PREFIX_PATH}:/opt/ros/humble /usr/bin/cmake --build /home/jack/kruskal/ros/build/kruskal -- -j12 -l12
[1.019s] DEBUG:colcon.colcon_core.event_handler.log_command:Invoked command in '/home/jack/kruskal/ros/build/kruskal' returned '0': CMAKE_PREFIX_PATH=${CMAKE_PREFIX_PATH}:/opt/ros/humble /usr/bin/cmake --build /home/jack/kruskal/ros/build/kruskal -- -j12 -l12
[1.041s] DEBUG:colcon.colcon_core.event_handler.log_command:Invoking command in '/home/jack/kruskal/ros/build/kruskal': CMAKE_PREFIX_PATH=${CMAKE_PREFIX_PATH}:/opt/ros/humble /usr/bin/cmake --install /home/jack/kruskal/ros/build/kruskal
[1.102s] Level 1:colcon.colcon_core.environment:create_environment_scripts_only(kruskal)
[1.103s] DEBUG:colcon.colcon_core.event_handler.log_command:Invoked command in '/home/jack/kruskal/ros/build/kruskal' returned '0': CMAKE_PREFIX_PATH=${CMAKE_PREFIX_PATH}:/opt/ros/humble /usr/bin/cmake --install /home/jack/kruskal/ros/build/kruskal
[1.113s] Level 1:colcon.colcon_core.environment:checking '/home/jack/kruskal/ros/install/kruskal' for CMake module files
[1.113s] Level 1:colcon.colcon_core.environment:checking '/home/jack/kruskal/ros/install/kruskal' for CMake config files
[1.114s] Level 1:colcon.colcon_core.shell:create_environment_hook('kruskal', 'cmake_prefix_path')
[1.114s] INFO:colcon.colcon_core.shell:Creating environment hook '/home/jack/kruskal/ros/install/kruskal/share/kruskal/hook/cmake_prefix_path.ps1'
[1.115s] INFO:colcon.colcon_core.shell:Creating environment descriptor '/home/jack/kruskal/ros/install/kruskal/share/kruskal/hook/cmake_prefix_path.dsv'
[1.116s] INFO:colcon.colcon_core.shell:Creating environment hook '/home/jack/kruskal/ros/install/kruskal/share/kruskal/hook/cmake_prefix_path.sh'
[1.126s] Level 1:colcon.colcon_core.environment:checking '/home/jack/kruskal/ros/install/kruskal/bin'
[1.126s] Level 1:colcon.colcon_core.environment:checking '/home/jack/kruskal/ros/install/kruskal/lib/pkgconfig/kruskal.pc'
[1.126s] Level 1:colcon.colcon_core.environment:checking '/home/jack/kruskal/ros/install/kruskal/lib/python3.10/site-packages'
[1.127s] Level 1:colcon.colcon_core.environment:checking '/home/jack/kruskal/ros/install/kruskal/bin'
[1.127s] INFO:colcon.colcon_core.shell:Creating package script '/home/jack/kruskal/ros/install/kruskal/share/kruskal/package.ps1'
[1.128s] INFO:colcon.colcon_core.shell:Creating package descriptor '/home/jack/kruskal/ros/install/kruskal/share/kruskal/package.dsv'
[1.129s] INFO:colcon.colcon_core.shell:Creating package script '/home/jack/kruskal/ros/install/kruskal/share/kruskal/package.sh'
[1.129s] INFO:colcon.colcon_core.shell:Creating package script '/home/jack/kruskal/ros/install/kruskal/share/kruskal/package.bash'
[1.130s] INFO:colcon.colcon_core.shell:Creating package script '/home/jack/kruskal/ros/install/kruskal/share/kruskal/package.zsh'
[1.131s] Level 1:colcon.colcon_core.environment:create_file_with_runtime_dependencies(/home/jack/kruskal/ros/install/kruskal/share/colcon-core/packages/kruskal)
[1.132s] Level 1:colcon.colcon_core.environment:create_environment_scripts_only(kruskal)
[1.132s] Level 1:colcon.colcon_core.environment:checking '/home/jack/kruskal/ros/install/kruskal' for CMake module files
[1.132s] Level 1:colcon.colcon_core.environment:checking '/home/jack/kruskal/ros/install/kruskal' for CMake config files
[1.133s] Level 1:colcon.colcon_core.shell:create_environment_hook('kruskal', 'cmake_prefix_path')
[1.133s] INFO:colcon.colcon_core.shell:Creating environment hook '/home/jack/kruskal/ros/install/kruskal/share/kruskal/hook/cmake_prefix_path.ps1'
[1.133s] INFO:colcon.colcon_core.shell:Creating environment descriptor '/home/jack/kruskal/ros/install/kruskal/share/kruskal/hook/cmake_prefix_path.dsv'
[1.133s] INFO:colcon.colcon_core.shell:Creating environment hook '/home/jack/kruskal/ros/install/kruskal/share/kruskal/hook/cmake_prefix_path.sh'
[1.134s] Level 1:colcon.colcon_core.environment:checking '/home/jack/kruskal/ros/install/kruskal/bin'
[1.134s] Level 1:colcon.colcon_core.environment:checking '/home/jack/kruskal/ros/install/kruskal/lib/pkgconfig/kruskal.pc'
[1.134s] Level 1:colcon.colcon_core.environment:checking '/home/jack/kruskal/ros/install/kruskal/lib/python3.10/site-packages'
[1.134s] Level 1:colcon.colcon_core.environment:checking '/home/jack/kruskal/ros/install/kruskal/bin'
[1.134s] INFO:colcon.colcon_core.shell:Creating package script '/home/jack/kruskal/ros/install/kruskal/share/kruskal/package.ps1'
[1.135s] INFO:colcon.colcon_core.shell:Creating package descriptor '/home/jack/kruskal/ros/install/kruskal/share/kruskal/package.dsv'
[1.135s] INFO:colcon.colcon_core.shell:Creating package script '/home/jack/kruskal/ros/install/kruskal/share/kruskal/package.sh'
[1.136s] INFO:colcon.colcon_core.shell:Creating package script '/home/jack/kruskal/ros/install/kruskal/share/kruskal/package.bash'
[1.136s] INFO:colcon.colcon_core.shell:Creating package script '/home/jack/kruskal/ros/install/kruskal/share/kruskal/package.zsh'
[1.136s] Level 1:colcon.colcon_core.environment:create_file_with_runtime_dependencies(/home/jack/kruskal/ros/install/kruskal/share/colcon-core/packages/kruskal)
[1.137s] DEBUG:colcon.colcon_parallel_executor.executor.parallel:closing loop
[1.137s] DEBUG:colcon.colcon_parallel_executor.executor.parallel:loop closed
[1.137s] DEBUG:colcon.colcon_parallel_executor.executor.parallel:run_until_complete finished with '0'
[1.137s] DEBUG:colcon.colcon_core.event_reactor:joining thread
[1.150s] INFO:colcon.colcon_core.plugin_system:Skipping extension 'colcon_notification.desktop_notification.terminal_notifier': Not used on non-Darwin systems
[1.150s] INFO:colcon.colcon_core.plugin_system:Skipping extension 'colcon_notification.desktop_notification.win32': Not used on non-Windows systems
[1.150s] INFO:colcon.colcon_notification.desktop_notification:Sending desktop notification using 'notify2'
[1.186s] DEBUG:colcon.colcon_core.event_reactor:joined thread
[1.187s] INFO:colcon.colcon_core.shell:Creating prefix script '/home/jack/kruskal/ros/install/local_setup.ps1'
[1.188s] INFO:colcon.colcon_core.shell:Creating prefix util module '/home/jack/kruskal/ros/install/_local_setup_util_ps1.py'
[1.190s] INFO:colcon.colcon_core.shell:Creating prefix chain script '/home/jack/kruskal/ros/install/setup.ps1'
[1.191s] INFO:colcon.colcon_core.shell:Creating prefix script '/home/jack/kruskal/ros/install/local_setup.sh'
[1.192s] INFO:colcon.colcon_core.shell:Creating prefix util module '/home/jack/kruskal/ros/install/_local_setup_util_sh.py'
[1.193s] INFO:colcon.colcon_core.shell:Creating prefix chain script '/home/jack/kruskal/ros/install/setup.sh'
[1.194s] INFO:colcon.colcon_core.shell:Creating prefix script '/home/jack/kruskal/ros/install/local_setup.bash'
[1.194s] INFO:colcon.colcon_core.shell:Creating prefix chain script '/home/jack/kruskal/ros/install/setup.bash'
[1.195s] INFO:colcon.colcon_core.shell:Creating prefix script '/home/jack/kruskal/ros/install/local_setup.zsh'
[1.196s] INFO:colcon.colcon_core.shell:Creating prefix chain script '/home/jack/kruskal/ros/install/setup.zsh'
