[0.019s] Invoking command in '/home/jack/ROS/build/kruskal': CMAKE_PREFIX_PATH=${CMAKE_PREFIX_PATH}:/opt/ros/humble /usr/bin/cmake --build /home/jack/ROS/build/kruskal -- -j12 -l12
[0.118s] Invoked command in '/home/jack/ROS/build/kruskal' returned '0': CMAKE_PREFIX_PATH=${CMAKE_PREFIX_PATH}:/opt/ros/humble /usr/bin/cmake --build /home/jack/ROS/build/kruskal -- -j12 -l12
[0.141s] Invoking command in '/home/jack/ROS/build/kruskal': CMAKE_PREFIX_PATH=${CMAKE_PREFIX_PATH}:/opt/ros/humble /usr/bin/cmake --install /home/jack/ROS/build/kruskal
[0.157s] -- Install configuration: ""
[0.160s] -- Execute custom install script
[0.161s] -- Up-to-date symlink: /home/jack/ROS/install/kruskal/share/kruskal/config/empty.yaml
[0.161s] -- Up-to-date symlink: /home/jack/ROS/install/kruskal/share/kruskal/description/robot.urdf.xacro
[0.161s] -- Symlinking: /home/jack/ROS/install/kruskal/share/kruskal/description/robot_core.xacro
[0.173s] -- Up-to-date symlink: /home/jack/ROS/install/kruskal/share/kruskal/launch/rsp.launch.py
[0.173s] -- Up-to-date symlink: /home/jack/ROS/install/kruskal/share/kruskal/worlds/empty.world
[0.173s] -- Up-to-date symlink: /home/jack/ROS/install/kruskal/share/ament_index/resource_index/package_run_dependencies/kruskal
[0.174s] -- Up-to-date symlink: /home/jack/ROS/install/kruskal/share/ament_index/resource_index/parent_prefix_path/kruskal
[0.174s] -- Up-to-date symlink: /home/jack/ROS/install/kruskal/share/kruskal/environment/ament_prefix_path.sh
[0.174s] -- Up-to-date symlink: /home/jack/ROS/install/kruskal/share/kruskal/environment/ament_prefix_path.dsv
[0.174s] -- Up-to-date symlink: /home/jack/ROS/install/kruskal/share/kruskal/environment/path.sh
[0.175s] -- Up-to-date symlink: /home/jack/ROS/install/kruskal/share/kruskal/environment/path.dsv
[0.175s] -- Up-to-date symlink: /home/jack/ROS/install/kruskal/share/kruskal/local_setup.bash
[0.175s] -- Up-to-date symlink: /home/jack/ROS/install/kruskal/share/kruskal/local_setup.sh
[0.175s] -- Up-to-date symlink: /home/jack/ROS/install/kruskal/share/kruskal/local_setup.zsh
[0.175s] -- Up-to-date symlink: /home/jack/ROS/install/kruskal/share/kruskal/local_setup.dsv
[0.176s] -- Symlinking: /home/jack/ROS/install/kruskal/share/kruskal/package.dsv
[0.197s] -- Up-to-date symlink: /home/jack/ROS/install/kruskal/share/ament_index/resource_index/packages/kruskal
[0.197s] -- Up-to-date symlink: /home/jack/ROS/install/kruskal/share/kruskal/cmake/kruskalConfig.cmake
[0.198s] -- Up-to-date symlink: /home/jack/ROS/install/kruskal/share/kruskal/cmake/kruskalConfig-version.cmake
[0.198s] -- Up-to-date symlink: /home/jack/ROS/install/kruskal/share/kruskal/package.xml
[0.200s] Invoked command in '/home/jack/ROS/build/kruskal' returned '0': CMAKE_PREFIX_PATH=${CMAKE_PREFIX_PATH}:/opt/ros/humble /usr/bin/cmake --install /home/jack/ROS/build/kruskal
