[0.015s] Invoking command in '/home/jack/kruskal/ros_ws/src/build/kruskal': CMAKE_PREFIX_PATH=${CMAKE_PREFIX_PATH}:/home/jack/kruskal/ros_ws/install/voice_commands:/opt/ros/humble /usr/bin/cmake /home/jack/kruskal/ros_ws/src/kruskal -DAMENT_CMAKE_SYMLINK_INSTALL=1 -DCMAKE_INSTALL_PREFIX=/home/jack/kruskal/ros_ws/src/install/kruskal
[0.073s] -- The C compiler identification is GNU 11.4.0
[0.134s] -- The CXX compiler identification is GNU 11.4.0
[0.142s] -- Detecting C compiler ABI info
[0.238s] -- Detecting C compiler ABI info - done
[0.245s] -- Check for working C compiler: /usr/bin/cc - skipped
[0.245s] -- Detecting C compile features
[0.245s] -- Detecting C compile features - done
[0.248s] -- Detecting CXX compiler ABI info
[0.357s] -- Detecting CXX compiler ABI info - done
[0.364s] -- Check for working CXX compiler: /usr/bin/c++ - skipped
[0.365s] -- Detecting CXX compile features
[0.365s] -- Detecting CXX compile features - done
[0.368s] -- Found ament_cmake: 1.3.11 (/opt/ros/humble/share/ament_cmake/cmake)
[0.599s] -- Found Python3: /usr/bin/python3 (found version "3.10.12") found components: Interpreter 
[0.661s] -- Override CMake install command with custom implementation using symlinks instead of copying resources
[0.737s] -- Found ament_lint_auto: 0.12.11 (/opt/ros/humble/share/ament_lint_auto/cmake)
[0.841s] -- Added test 'copyright' to check source files copyright and LICENSE
[0.845s] -- Added test 'flake8' to check Python code syntax and style conventions
[0.846s] -- Added test 'lint_cmake' to check CMake code style
[0.846s] -- Added test 'pep257' to check Python code against some of the docstring style conventions in PEP 257
[0.849s] -- Added test 'xmllint' to check XML markup files
[0.850s] -- Configuring done
[0.853s] -- Generating done
[0.855s] -- Build files have been written to: /home/jack/kruskal/ros_ws/src/build/kruskal
[0.860s] Invoked command in '/home/jack/kruskal/ros_ws/src/build/kruskal' returned '0': CMAKE_PREFIX_PATH=${CMAKE_PREFIX_PATH}:/home/jack/kruskal/ros_ws/install/voice_commands:/opt/ros/humble /usr/bin/cmake /home/jack/kruskal/ros_ws/src/kruskal -DAMENT_CMAKE_SYMLINK_INSTALL=1 -DCMAKE_INSTALL_PREFIX=/home/jack/kruskal/ros_ws/src/install/kruskal
[0.863s] Invoking command in '/home/jack/kruskal/ros_ws/src/build/kruskal': CMAKE_PREFIX_PATH=${CMAKE_PREFIX_PATH}:/home/jack/kruskal/ros_ws/install/voice_commands:/opt/ros/humble /usr/bin/cmake --build /home/jack/kruskal/ros_ws/src/build/kruskal -- -j12 -l12
[0.938s] Invoked command in '/home/jack/kruskal/ros_ws/src/build/kruskal' returned '0': CMAKE_PREFIX_PATH=${CMAKE_PREFIX_PATH}:/home/jack/kruskal/ros_ws/install/voice_commands:/opt/ros/humble /usr/bin/cmake --build /home/jack/kruskal/ros_ws/src/build/kruskal -- -j12 -l12
[0.940s] Invoking command in '/home/jack/kruskal/ros_ws/src/build/kruskal': CMAKE_PREFIX_PATH=${CMAKE_PREFIX_PATH}:/home/jack/kruskal/ros_ws/install/voice_commands:/opt/ros/humble /usr/bin/cmake --install /home/jack/kruskal/ros_ws/src/build/kruskal
[0.948s] -- Install configuration: ""
[0.948s] -- Execute custom install script
[0.948s] -- Symlinking: /home/jack/kruskal/ros_ws/src/install/kruskal/share/kruskal/config/drive_bot.rviz
[0.959s] -- Symlinking: /home/jack/kruskal/ros_ws/src/install/kruskal/share/kruskal/config/empty.yaml
[0.980s] -- Symlinking: /home/jack/kruskal/ros_ws/src/install/kruskal/share/kruskal/config/gazebo_params.yaml
[0.991s] -- Symlinking: /home/jack/kruskal/ros_ws/src/install/kruskal/share/kruskal/config/kruskal.rvis.rviz
[1.002s] -- Symlinking: /home/jack/kruskal/ros_ws/src/install/kruskal/share/kruskal/config/mapper_params_online_async.yaml
[1.013s] -- Symlinking: /home/jack/kruskal/ros_ws/src/install/kruskal/share/kruskal/config/my_controllers.yaml
[1.023s] -- Symlinking: /home/jack/kruskal/ros_ws/src/install/kruskal/share/kruskal/config/nav2_params.yaml
[1.034s] -- Symlinking: /home/jack/kruskal/ros_ws/src/install/kruskal/share/kruskal/config/slam.rviz
[1.045s] -- Symlinking: /home/jack/kruskal/ros_ws/src/install/kruskal/share/kruskal/config/twist_mux.yaml
[1.055s] -- Symlinking: /home/jack/kruskal/ros_ws/src/install/kruskal/share/kruskal/description/gazebo_control.xacro
[1.065s] -- Symlinking: /home/jack/kruskal/ros_ws/src/install/kruskal/share/kruskal/description/inertial_macros.xacro
[1.075s] -- Symlinking: /home/jack/kruskal/ros_ws/src/install/kruskal/share/kruskal/description/lidar.xacro
[1.085s] -- Symlinking: /home/jack/kruskal/ros_ws/src/install/kruskal/share/kruskal/description/robot.urdf.xacro
[1.095s] -- Symlinking: /home/jack/kruskal/ros_ws/src/install/kruskal/share/kruskal/description/robot_core.xacro
[1.105s] -- Symlinking: /home/jack/kruskal/ros_ws/src/install/kruskal/share/kruskal/description/ros2_control.xacro
[1.116s] -- Symlinking: /home/jack/kruskal/ros_ws/src/install/kruskal/share/kruskal/launch/launch_sim.launch.py
[1.134s] -- Symlinking: /home/jack/kruskal/ros_ws/src/install/kruskal/share/kruskal/launch/rsp.launch.py
[1.144s] -- Symlinking: /home/jack/kruskal/ros_ws/src/install/kruskal/share/kruskal/worlds/empty.world
[1.154s] -- Symlinking: /home/jack/kruskal/ros_ws/src/install/kruskal/share/kruskal/worlds/obstacles
[1.175s] -- Symlinking: /home/jack/kruskal/ros_ws/src/install/kruskal/share/kruskal/worlds/playground.world
[1.185s] -- Symlinking: /home/jack/kruskal/ros_ws/src/install/kruskal/share/kruskal/src/kruskal/navigate_to_coords.py
[1.196s] -- Symlinking: /home/jack/kruskal/ros_ws/src/install/kruskal/lib/kruskal/navigate_to_coords.py
[1.218s] -- Symlinking: /home/jack/kruskal/ros_ws/src/install/kruskal/share/ament_index/resource_index/package_run_dependencies/kruskal
[1.227s] -- Symlinking: /home/jack/kruskal/ros_ws/src/install/kruskal/share/ament_index/resource_index/parent_prefix_path/kruskal
[1.248s] -- Symlinking: /home/jack/kruskal/ros_ws/src/install/kruskal/share/kruskal/environment/ament_prefix_path.sh
[1.258s] -- Symlinking: /home/jack/kruskal/ros_ws/src/install/kruskal/share/kruskal/environment/ament_prefix_path.dsv
[1.267s] -- Symlinking: /home/jack/kruskal/ros_ws/src/install/kruskal/share/kruskal/environment/path.sh
[1.277s] -- Symlinking: /home/jack/kruskal/ros_ws/src/install/kruskal/share/kruskal/environment/path.dsv
[1.288s] -- Symlinking: /home/jack/kruskal/ros_ws/src/install/kruskal/share/kruskal/local_setup.bash
[1.306s] -- Symlinking: /home/jack/kruskal/ros_ws/src/install/kruskal/share/kruskal/local_setup.sh
[1.328s] -- Symlinking: /home/jack/kruskal/ros_ws/src/install/kruskal/share/kruskal/local_setup.zsh
[1.338s] -- Symlinking: /home/jack/kruskal/ros_ws/src/install/kruskal/share/kruskal/local_setup.dsv
[1.358s] -- Symlinking: /home/jack/kruskal/ros_ws/src/install/kruskal/share/kruskal/package.dsv
[1.382s] -- Symlinking: /home/jack/kruskal/ros_ws/src/install/kruskal/share/ament_index/resource_index/packages/kruskal
[1.391s] -- Symlinking: /home/jack/kruskal/ros_ws/src/install/kruskal/share/kruskal/cmake/kruskalConfig.cmake
[1.405s] -- Symlinking: /home/jack/kruskal/ros_ws/src/install/kruskal/share/kruskal/cmake/kruskalConfig-version.cmake
[1.415s] -- Symlinking: /home/jack/kruskal/ros_ws/src/install/kruskal/share/kruskal/package.xml
[1.431s] Invoked command in '/home/jack/kruskal/ros_ws/src/build/kruskal' returned '0': CMAKE_PREFIX_PATH=${CMAKE_PREFIX_PATH}:/home/jack/kruskal/ros_ws/install/voice_commands:/opt/ros/humble /usr/bin/cmake --install /home/jack/kruskal/ros_ws/src/build/kruskal
