[0.014s] Invoking command in '/home/jack/kruskal/ros_ws/build/kruskal': CMAKE_PREFIX_PATH=${CMAKE_PREFIX_PATH}:/opt/ros/humble /usr/bin/cmake /home/jack/kruskal/ros_ws/src/kruskal -DAMENT_CMAKE_SYMLINK_INSTALL=1 -DCMAKE_INSTALL_PREFIX=/home/jack/kruskal/ros_ws/install/kruskal
[0.121s] -- The C compiler identification is GNU 11.4.0
[0.228s] -- The CXX compiler identification is GNU 11.4.0
[0.236s] -- Detecting C compiler ABI info
[0.328s] -- Detecting C compiler ABI info - done
[0.335s] -- Check for working C compiler: /usr/bin/cc - skipped
[0.335s] -- Detecting C compile features
[0.336s] -- Detecting C compile features - done
[0.338s] -- Detecting CXX compiler ABI info
[0.421s] -- Detecting CXX compiler ABI info - done
[0.428s] -- Check for working CXX compiler: /usr/bin/c++ - skipped
[0.428s] -- Detecting CXX compile features
[0.429s] -- Detecting CXX compile features - done
[0.431s] -- Found ament_cmake: 1.3.11 (/opt/ros/humble/share/ament_cmake/cmake)
[0.589s] -- Found Python3: /usr/bin/python3 (found version "3.10.12") found components: Interpreter 
[0.645s] -- Override CMake install command with custom implementation using symlinks instead of copying resources
[0.675s] -- Found ament_lint_auto: 0.12.11 (/opt/ros/humble/share/ament_lint_auto/cmake)
[0.782s] -- Added test 'copyright' to check source files copyright and LICENSE
[0.786s] -- Added test 'flake8' to check Python code syntax and style conventions
[0.786s] -- Added test 'lint_cmake' to check CMake code style
[0.787s] -- Added test 'pep257' to check Python code against some of the docstring style conventions in PEP 257
[0.789s] -- Added test 'xmllint' to check XML markup files
[0.791s] -- Configuring done
[0.794s] -- Generating done
[0.796s] -- Build files have been written to: /home/jack/kruskal/ros_ws/build/kruskal
[0.802s] Invoked command in '/home/jack/kruskal/ros_ws/build/kruskal' returned '0': CMAKE_PREFIX_PATH=${CMAKE_PREFIX_PATH}:/opt/ros/humble /usr/bin/cmake /home/jack/kruskal/ros_ws/src/kruskal -DAMENT_CMAKE_SYMLINK_INSTALL=1 -DCMAKE_INSTALL_PREFIX=/home/jack/kruskal/ros_ws/install/kruskal
[0.804s] Invoking command in '/home/jack/kruskal/ros_ws/build/kruskal': CMAKE_PREFIX_PATH=${CMAKE_PREFIX_PATH}:/opt/ros/humble /usr/bin/cmake --build /home/jack/kruskal/ros_ws/build/kruskal -- -j12 -l12
[0.873s] Invoked command in '/home/jack/kruskal/ros_ws/build/kruskal' returned '0': CMAKE_PREFIX_PATH=${CMAKE_PREFIX_PATH}:/opt/ros/humble /usr/bin/cmake --build /home/jack/kruskal/ros_ws/build/kruskal -- -j12 -l12
[0.896s] Invoking command in '/home/jack/kruskal/ros_ws/build/kruskal': CMAKE_PREFIX_PATH=${CMAKE_PREFIX_PATH}:/opt/ros/humble /usr/bin/cmake --install /home/jack/kruskal/ros_ws/build/kruskal
[0.903s] -- Install configuration: ""
[0.904s] -- Execute custom install script
[0.904s] -- Symlinking: /home/jack/kruskal/ros_ws/install/kruskal/share/kruskal/config/drive_bot.rviz
[0.919s] -- Symlinking: /home/jack/kruskal/ros_ws/install/kruskal/share/kruskal/config/empty.yaml
[0.930s] -- Symlinking: /home/jack/kruskal/ros_ws/install/kruskal/share/kruskal/config/gazebo_params.yaml
[0.940s] -- Symlinking: /home/jack/kruskal/ros_ws/install/kruskal/share/kruskal/config/kruskal.rvis.rviz
[0.950s] -- Symlinking: /home/jack/kruskal/ros_ws/install/kruskal/share/kruskal/config/mapper_params_online_async.yaml
[0.961s] -- Symlinking: /home/jack/kruskal/ros_ws/install/kruskal/share/kruskal/config/my_controllers.yaml
[0.972s] -- Symlinking: /home/jack/kruskal/ros_ws/install/kruskal/share/kruskal/config/nav2_params.yaml
[0.983s] -- Symlinking: /home/jack/kruskal/ros_ws/install/kruskal/share/kruskal/config/slam.rviz
[0.993s] -- Symlinking: /home/jack/kruskal/ros_ws/install/kruskal/share/kruskal/config/twist_mux.yaml
[1.016s] -- Symlinking: /home/jack/kruskal/ros_ws/install/kruskal/share/kruskal/description/gazebo_control.xacro
[1.027s] -- Symlinking: /home/jack/kruskal/ros_ws/install/kruskal/share/kruskal/description/inertial_macros.xacro
[1.047s] -- Symlinking: /home/jack/kruskal/ros_ws/install/kruskal/share/kruskal/description/lidar.xacro
[1.068s] -- Symlinking: /home/jack/kruskal/ros_ws/install/kruskal/share/kruskal/description/robot.urdf.xacro
[1.079s] -- Symlinking: /home/jack/kruskal/ros_ws/install/kruskal/share/kruskal/description/robot_core.xacro
[1.088s] -- Symlinking: /home/jack/kruskal/ros_ws/install/kruskal/share/kruskal/description/ros2_control.xacro
[1.099s] -- Symlinking: /home/jack/kruskal/ros_ws/install/kruskal/share/kruskal/launch/launch_sim.launch.py
[1.110s] -- Symlinking: /home/jack/kruskal/ros_ws/install/kruskal/share/kruskal/launch/rsp.launch.py
[1.120s] -- Symlinking: /home/jack/kruskal/ros_ws/install/kruskal/share/kruskal/worlds/empty.world
[1.131s] -- Symlinking: /home/jack/kruskal/ros_ws/install/kruskal/share/kruskal/worlds/obstacles
[1.152s] -- Symlinking: /home/jack/kruskal/ros_ws/install/kruskal/share/kruskal/worlds/playground.world
[1.174s] -- Symlinking: /home/jack/kruskal/ros_ws/install/kruskal/share/kruskal/src/kruskal/navigate_to_coords.py
[1.184s] -- Symlinking: /home/jack/kruskal/ros_ws/install/kruskal/lib/kruskal/navigate_to_coords.py
[1.207s] -- Symlinking: /home/jack/kruskal/ros_ws/install/kruskal/share/ament_index/resource_index/package_run_dependencies/kruskal
[1.230s] -- Symlinking: /home/jack/kruskal/ros_ws/install/kruskal/share/ament_index/resource_index/parent_prefix_path/kruskal
[1.250s] -- Symlinking: /home/jack/kruskal/ros_ws/install/kruskal/share/kruskal/environment/ament_prefix_path.sh
[1.260s] -- Symlinking: /home/jack/kruskal/ros_ws/install/kruskal/share/kruskal/environment/ament_prefix_path.dsv
[1.272s] -- Symlinking: /home/jack/kruskal/ros_ws/install/kruskal/share/kruskal/environment/path.sh
[1.293s] -- Symlinking: /home/jack/kruskal/ros_ws/install/kruskal/share/kruskal/environment/path.dsv
[1.303s] -- Symlinking: /home/jack/kruskal/ros_ws/install/kruskal/share/kruskal/local_setup.bash
[1.325s] -- Symlinking: /home/jack/kruskal/ros_ws/install/kruskal/share/kruskal/local_setup.sh
[1.346s] -- Symlinking: /home/jack/kruskal/ros_ws/install/kruskal/share/kruskal/local_setup.zsh
[1.357s] -- Symlinking: /home/jack/kruskal/ros_ws/install/kruskal/share/kruskal/local_setup.dsv
[1.377s] -- Symlinking: /home/jack/kruskal/ros_ws/install/kruskal/share/kruskal/package.dsv
[1.389s] -- Symlinking: /home/jack/kruskal/ros_ws/install/kruskal/share/ament_index/resource_index/packages/kruskal
[1.411s] -- Symlinking: /home/jack/kruskal/ros_ws/install/kruskal/share/kruskal/cmake/kruskalConfig.cmake
[1.423s] -- Symlinking: /home/jack/kruskal/ros_ws/install/kruskal/share/kruskal/cmake/kruskalConfig-version.cmake
[1.438s] -- Symlinking: /home/jack/kruskal/ros_ws/install/kruskal/share/kruskal/package.xml
[1.460s] Invoked command in '/home/jack/kruskal/ros_ws/build/kruskal' returned '0': CMAKE_PREFIX_PATH=${CMAKE_PREFIX_PATH}:/opt/ros/humble /usr/bin/cmake --install /home/jack/kruskal/ros_ws/build/kruskal
