[0.014s] Invoking command in '/home/jack/kruskal/ros/src/build/kruskal': CMAKE_PREFIX_PATH=${CMAKE_PREFIX_PATH}:/opt/ros/humble /usr/bin/cmake /home/jack/kruskal/ros/src/kruskal -DAMENT_CMAKE_SYMLINK_INSTALL=1 -DCMAKE_INSTALL_PREFIX=/home/jack/kruskal/ros/src/install/kruskal
[0.217s] -- The C compiler identification is GNU 11.4.0
[0.411s] -- The CXX compiler identification is GNU 11.4.0
[0.425s] -- Detecting C compiler ABI info
[0.549s] -- Detecting C compiler ABI info - done
[0.566s] -- Check for working C compiler: /usr/bin/cc - skipped
[0.573s] -- Detecting C compile features
[0.574s] -- Detecting C compile features - done
[0.582s] -- Detecting CXX compiler ABI info
[0.709s] -- Detecting CXX compiler ABI info - done
[0.727s] -- Check for working CXX compiler: /usr/bin/c++ - skipped
[0.727s] -- Detecting CXX compile features
[0.728s] -- Detecting CXX compile features - done
[0.747s] -- Found ament_cmake: 1.3.11 (/opt/ros/humble/share/ament_cmake/cmake)
[1.029s] -- Found Python3: /usr/bin/python3 (found version "3.10.12") found components: Interpreter 
[1.120s] -- Override CMake install command with custom implementation using symlinks instead of copying resources
[1.171s] -- Found ament_lint_auto: 0.12.11 (/opt/ros/humble/share/ament_lint_auto/cmake)
[1.291s] -- Added test 'copyright' to check source files copyright and LICENSE
[1.303s] -- Added test 'flake8' to check Python code syntax and style conventions
[1.305s] -- Added test 'lint_cmake' to check CMake code style
[1.307s] -- Added test 'pep257' to check Python code against some of the docstring style conventions in PEP 257
[1.313s] -- Added test 'xmllint' to check XML markup files
[1.315s] -- Configuring done
[1.318s] -- Generating done
[1.320s] -- Build files have been written to: /home/jack/kruskal/ros/src/build/kruskal
[1.325s] Invoked command in '/home/jack/kruskal/ros/src/build/kruskal' returned '0': CMAKE_PREFIX_PATH=${CMAKE_PREFIX_PATH}:/opt/ros/humble /usr/bin/cmake /home/jack/kruskal/ros/src/kruskal -DAMENT_CMAKE_SYMLINK_INSTALL=1 -DCMAKE_INSTALL_PREFIX=/home/jack/kruskal/ros/src/install/kruskal
[1.329s] Invoking command in '/home/jack/kruskal/ros/src/build/kruskal': CMAKE_PREFIX_PATH=${CMAKE_PREFIX_PATH}:/opt/ros/humble /usr/bin/cmake --build /home/jack/kruskal/ros/src/build/kruskal -- -j12 -l12
[1.383s] Invoked command in '/home/jack/kruskal/ros/src/build/kruskal' returned '0': CMAKE_PREFIX_PATH=${CMAKE_PREFIX_PATH}:/opt/ros/humble /usr/bin/cmake --build /home/jack/kruskal/ros/src/build/kruskal -- -j12 -l12
[1.393s] Invoking command in '/home/jack/kruskal/ros/src/build/kruskal': CMAKE_PREFIX_PATH=${CMAKE_PREFIX_PATH}:/opt/ros/humble /usr/bin/cmake --install /home/jack/kruskal/ros/src/build/kruskal
[1.400s] -- Install configuration: ""
[1.400s] -- Execute custom install script
[1.400s] -- Symlinking: /home/jack/kruskal/ros/src/install/kruskal/share/kruskal/config/drive_bot.rviz
[1.410s] -- Symlinking: /home/jack/kruskal/ros/src/install/kruskal/share/kruskal/config/empty.yaml
[1.419s] -- Symlinking: /home/jack/kruskal/ros/src/install/kruskal/share/kruskal/config/gazebo_params.yaml
[1.430s] -- Symlinking: /home/jack/kruskal/ros/src/install/kruskal/share/kruskal/config/kruskal.rvis.rviz
[1.450s] -- Symlinking: /home/jack/kruskal/ros/src/install/kruskal/share/kruskal/config/mapper_params_online_async.yaml
[1.460s] -- Symlinking: /home/jack/kruskal/ros/src/install/kruskal/share/kruskal/config/my_controllers.yaml
[1.469s] -- Symlinking: /home/jack/kruskal/ros/src/install/kruskal/share/kruskal/config/nav2_params.yaml
[1.489s] -- Symlinking: /home/jack/kruskal/ros/src/install/kruskal/share/kruskal/config/slam.rviz
[1.499s] -- Symlinking: /home/jack/kruskal/ros/src/install/kruskal/share/kruskal/config/twist_mux.yaml
[1.510s] -- Symlinking: /home/jack/kruskal/ros/src/install/kruskal/share/kruskal/description/gazebo_control.xacro
[1.520s] -- Symlinking: /home/jack/kruskal/ros/src/install/kruskal/share/kruskal/description/inertial_macros.xacro
[1.532s] -- Symlinking: /home/jack/kruskal/ros/src/install/kruskal/share/kruskal/description/lidar.xacro
[1.541s] -- Symlinking: /home/jack/kruskal/ros/src/install/kruskal/share/kruskal/description/robot.urdf.xacro
[1.561s] -- Symlinking: /home/jack/kruskal/ros/src/install/kruskal/share/kruskal/description/robot_core.xacro
[1.571s] -- Symlinking: /home/jack/kruskal/ros/src/install/kruskal/share/kruskal/description/ros2_control.xacro
[1.581s] -- Symlinking: /home/jack/kruskal/ros/src/install/kruskal/share/kruskal/launch/launch_sim.launch.py
[1.598s] -- Symlinking: /home/jack/kruskal/ros/src/install/kruskal/share/kruskal/launch/rsp.launch.py
[1.613s] -- Symlinking: /home/jack/kruskal/ros/src/install/kruskal/share/kruskal/worlds/empty.world
[1.623s] -- Symlinking: /home/jack/kruskal/ros/src/install/kruskal/share/kruskal/worlds/obstacles
[1.633s] -- Symlinking: /home/jack/kruskal/ros/src/install/kruskal/share/kruskal/worlds/playground.world
[1.651s] -- Symlinking: /home/jack/kruskal/ros/src/install/kruskal/share/kruskal/src/kruskal/navigate_to_coords.py
[1.662s] -- Symlinking: /home/jack/kruskal/ros/src/install/kruskal/share/ament_index/resource_index/package_run_dependencies/kruskal
[1.684s] -- Symlinking: /home/jack/kruskal/ros/src/install/kruskal/share/ament_index/resource_index/parent_prefix_path/kruskal
[1.705s] -- Up-to-date symlink: /home/jack/kruskal/ros/src/install/kruskal/share/kruskal/environment/ament_prefix_path.sh
[1.706s] -- Symlinking: /home/jack/kruskal/ros/src/install/kruskal/share/kruskal/environment/ament_prefix_path.dsv
[1.726s] -- Up-to-date symlink: /home/jack/kruskal/ros/src/install/kruskal/share/kruskal/environment/path.sh
[1.726s] -- Symlinking: /home/jack/kruskal/ros/src/install/kruskal/share/kruskal/environment/path.dsv
[1.748s] -- Symlinking: /home/jack/kruskal/ros/src/install/kruskal/share/kruskal/local_setup.bash
[1.769s] -- Symlinking: /home/jack/kruskal/ros/src/install/kruskal/share/kruskal/local_setup.sh
[1.791s] -- Symlinking: /home/jack/kruskal/ros/src/install/kruskal/share/kruskal/local_setup.zsh
[1.814s] -- Symlinking: /home/jack/kruskal/ros/src/install/kruskal/share/kruskal/local_setup.dsv
[1.836s] -- Symlinking: /home/jack/kruskal/ros/src/install/kruskal/share/kruskal/package.dsv
[1.858s] -- Symlinking: /home/jack/kruskal/ros/src/install/kruskal/share/ament_index/resource_index/packages/kruskal
[1.880s] -- Symlinking: /home/jack/kruskal/ros/src/install/kruskal/share/kruskal/cmake/kruskalConfig.cmake
[1.894s] -- Symlinking: /home/jack/kruskal/ros/src/install/kruskal/share/kruskal/cmake/kruskalConfig-version.cmake
[1.904s] -- Symlinking: /home/jack/kruskal/ros/src/install/kruskal/share/kruskal/package.xml
[1.917s] Invoked command in '/home/jack/kruskal/ros/src/build/kruskal' returned '0': CMAKE_PREFIX_PATH=${CMAKE_PREFIX_PATH}:/opt/ros/humble /usr/bin/cmake --install /home/jack/kruskal/ros/src/build/kruskal
