-- The C compiler identification is GNU 11.4.0
-- The CXX compiler identification is GNU 11.4.0
-- Detecting C compiler ABI info
-- Detecting C compiler ABI info - done
-- Check for working C compiler: /usr/bin/cc - skipped
-- Detecting C compile features
-- Detecting C compile features - done
-- Detecting CXX compiler ABI info
-- Detecting CXX compiler ABI info - done
-- Check for working CXX compiler: /usr/bin/c++ - skipped
-- Detecting CXX compile features
-- Detecting CXX compile features - done
-- Found ament_cmake: 1.3.11 (/opt/ros/humble/share/ament_cmake/cmake)
-- Found Python3: /home/jack/kruskal/commands/venv/bin/python3 (found version "3.10.12") found components: Interpreter 
-- Override CMake install command with custom implementation using symlinks instead of copying resources
-- Found ament_lint_auto: 0.12.11 (/opt/ros/humble/share/ament_lint_auto/cmake)
-- Added test 'cppcheck' to perform static code analysis on C / C++ code
-- Configured cppcheck include dirs: 
-- Configured cppcheck exclude dirs and/or files: 
-- Added test 'flake8' to check Python code syntax and style conventions
-- Added test 'lint_cmake' to check CMake code style
-- Added test 'pep257' to check Python code against some of the docstring style conventions in PEP 257
-- Added test 'uncrustify' to check C / C++ code style
-- Configured uncrustify additional arguments: 
-- Added test 'xmllint' to check XML markup files
-- Configuring done
-- Generating done
-- Build files have been written to: /home/jack/kruskal/ros_ws/build/voice_commands
-- Install configuration: ""
-- Execute custom install script
-- Symlinking: /home/jack/kruskal/ros_ws/install/voice_commands/share/voice_commands/sounds/__init__.py
-- Symlinking: /home/jack/kruskal/ros_ws/install/voice_commands/share/voice_commands/sounds/__pycache__/__init__.cpython-310.pyc
-- Symlinking: /home/jack/kruskal/ros_ws/install/voice_commands/share/voice_commands/sounds/__pycache__/beep_boop.cpython-310.pyc
-- Symlinking: /home/jack/kruskal/ros_ws/install/voice_commands/share/voice_commands/sounds/beep_boop.py
-- Symlinking: /home/jack/kruskal/ros_ws/install/voice_commands/share/voice_commands/sounds/beep_boop_1.wav
-- Symlinking: /home/jack/kruskal/ros_ws/install/voice_commands/share/voice_commands/sounds/beep_boop_2.wav
-- Symlinking: /home/jack/kruskal/ros_ws/install/voice_commands/share/voice_commands/sounds/beep_boop_3.wav
-- Symlinking: /home/jack/kruskal/ros_ws/install/voice_commands/share/voice_commands/sounds/robot_full.mp3
-- Symlinking: /home/jack/kruskal/ros_ws/install/voice_commands/lib/voice_commands/voice_command_publisher.py
-- Symlinking: /home/jack/kruskal/ros_ws/install/voice_commands/share/ament_index/resource_index/package_run_dependencies/voice_commands
-- Symlinking: /home/jack/kruskal/ros_ws/install/voice_commands/share/ament_index/resource_index/parent_prefix_path/voice_commands
-- Symlinking: /home/jack/kruskal/ros_ws/install/voice_commands/share/voice_commands/environment/ament_prefix_path.sh
-- Symlinking: /home/jack/kruskal/ros_ws/install/voice_commands/share/voice_commands/environment/ament_prefix_path.dsv
-- Symlinking: /home/jack/kruskal/ros_ws/install/voice_commands/share/voice_commands/environment/path.sh
-- Symlinking: /home/jack/kruskal/ros_ws/install/voice_commands/share/voice_commands/environment/path.dsv
-- Symlinking: /home/jack/kruskal/ros_ws/install/voice_commands/share/voice_commands/local_setup.bash
-- Symlinking: /home/jack/kruskal/ros_ws/install/voice_commands/share/voice_commands/local_setup.sh
-- Symlinking: /home/jack/kruskal/ros_ws/install/voice_commands/share/voice_commands/local_setup.zsh
-- Symlinking: /home/jack/kruskal/ros_ws/install/voice_commands/share/voice_commands/local_setup.dsv
-- Symlinking: /home/jack/kruskal/ros_ws/install/voice_commands/share/voice_commands/package.dsv
-- Symlinking: /home/jack/kruskal/ros_ws/install/voice_commands/share/ament_index/resource_index/packages/voice_commands
-- Symlinking: /home/jack/kruskal/ros_ws/install/voice_commands/share/voice_commands/cmake/voice_commandsConfig.cmake
-- Symlinking: /home/jack/kruskal/ros_ws/install/voice_commands/share/voice_commands/cmake/voice_commandsConfig-version.cmake
-- Symlinking: /home/jack/kruskal/ros_ws/install/voice_commands/share/voice_commands/package.xml
