[0.012s] Invoking command in '/home/jack/kruskal/ros_ws/build/voice_commands': CMAKE_PREFIX_PATH=${CMAKE_PREFIX_PATH}:/opt/ros/humble PS1=(venv) \[\e]0;\u@\h: \w\a\]${debian_chroot:+($debian_chroot)}\[\033[01;32m\]\u@\h\[\033[00m\]:\[\033[01;34m\]\w\[\033[00m\]\$ VIRTUAL_ENV_PROMPT=(venv) /usr/bin/cmake /home/jack/kruskal/ros_ws/src/voice_commands -DAMENT_CMAKE_SYMLINK_INSTALL=1 -DCMAKE_INSTALL_PREFIX=/home/jack/kruskal/ros_ws/install/voice_commands
[0.107s] -- The C compiler identification is GNU 11.4.0
[0.196s] -- The CXX compiler identification is GNU 11.4.0
[0.205s] -- Detecting C compiler ABI info
[0.314s] -- Detecting C compiler ABI info - done
[0.332s] -- Check for working C compiler: /usr/bin/cc - skipped
[0.332s] -- Detecting C compile features
[0.333s] -- Detecting C compile features - done
[0.340s] -- Detecting CXX compiler ABI info
[0.462s] -- Detecting CXX compiler ABI info - done
[0.474s] -- Check for working CXX compiler: /usr/bin/c++ - skipped
[0.474s] -- Detecting CXX compile features
[0.475s] -- Detecting CXX compile features - done
[0.477s] -- Found ament_cmake: 1.3.11 (/opt/ros/humble/share/ament_cmake/cmake)
[0.643s] -- Found Python3: /home/jack/kruskal/commands/venv/bin/python3 (found version "3.10.12") found components: Interpreter 
[0.698s] -- Override CMake install command with custom implementation using symlinks instead of copying resources
[0.757s] -- Found ament_lint_auto: 0.12.11 (/opt/ros/humble/share/ament_lint_auto/cmake)
[1.583s] -- Added test 'cppcheck' to perform static code analysis on C / C++ code
[1.583s] -- Configured cppcheck include dirs: 
[1.583s] -- Configured cppcheck exclude dirs and/or files: 
[1.672s] -- Added test 'flake8' to check Python code syntax and style conventions
[1.839s] -- Added test 'lint_cmake' to check CMake code style
[1.924s] -- Added test 'pep257' to check Python code against some of the docstring style conventions in PEP 257
[2.587s] -- Added test 'uncrustify' to check C / C++ code style
[2.587s] -- Configured uncrustify additional arguments: 
[2.670s] -- Added test 'xmllint' to check XML markup files
[2.671s] -- Configuring done
[2.675s] -- Generating done
[2.676s] -- Build files have been written to: /home/jack/kruskal/ros_ws/build/voice_commands
[2.681s] Invoked command in '/home/jack/kruskal/ros_ws/build/voice_commands' returned '0': CMAKE_PREFIX_PATH=${CMAKE_PREFIX_PATH}:/opt/ros/humble PS1=(venv) \[\e]0;\u@\h: \w\a\]${debian_chroot:+($debian_chroot)}\[\033[01;32m\]\u@\h\[\033[00m\]:\[\033[01;34m\]\w\[\033[00m\]\$ VIRTUAL_ENV_PROMPT=(venv) /usr/bin/cmake /home/jack/kruskal/ros_ws/src/voice_commands -DAMENT_CMAKE_SYMLINK_INSTALL=1 -DCMAKE_INSTALL_PREFIX=/home/jack/kruskal/ros_ws/install/voice_commands
[2.684s] Invoking command in '/home/jack/kruskal/ros_ws/build/voice_commands': CMAKE_PREFIX_PATH=${CMAKE_PREFIX_PATH}:/opt/ros/humble PS1=(venv) \[\e]0;\u@\h: \w\a\]${debian_chroot:+($debian_chroot)}\[\033[01;32m\]\u@\h\[\033[00m\]:\[\033[01;34m\]\w\[\033[00m\]\$ VIRTUAL_ENV_PROMPT=(venv) /usr/bin/cmake --build /home/jack/kruskal/ros_ws/build/voice_commands -- -j12 -l12
[2.762s] Invoked command in '/home/jack/kruskal/ros_ws/build/voice_commands' returned '0': CMAKE_PREFIX_PATH=${CMAKE_PREFIX_PATH}:/opt/ros/humble PS1=(venv) \[\e]0;\u@\h: \w\a\]${debian_chroot:+($debian_chroot)}\[\033[01;32m\]\u@\h\[\033[00m\]:\[\033[01;34m\]\w\[\033[00m\]\$ VIRTUAL_ENV_PROMPT=(venv) /usr/bin/cmake --build /home/jack/kruskal/ros_ws/build/voice_commands -- -j12 -l12
[2.764s] Invoking command in '/home/jack/kruskal/ros_ws/build/voice_commands': CMAKE_PREFIX_PATH=${CMAKE_PREFIX_PATH}:/opt/ros/humble PS1=(venv) \[\e]0;\u@\h: \w\a\]${debian_chroot:+($debian_chroot)}\[\033[01;32m\]\u@\h\[\033[00m\]:\[\033[01;34m\]\w\[\033[00m\]\$ VIRTUAL_ENV_PROMPT=(venv) /usr/bin/cmake --install /home/jack/kruskal/ros_ws/build/voice_commands
[2.781s] -- Install configuration: ""
[2.782s] -- Execute custom install script
[2.783s] -- Symlinking: /home/jack/kruskal/ros_ws/install/voice_commands/share/voice_commands/sounds/__init__.py
[2.795s] -- Symlinking: /home/jack/kruskal/ros_ws/install/voice_commands/share/voice_commands/sounds/__pycache__/__init__.cpython-310.pyc
[2.806s] -- Symlinking: /home/jack/kruskal/ros_ws/install/voice_commands/share/voice_commands/sounds/__pycache__/beep_boop.cpython-310.pyc
[2.817s] -- Symlinking: /home/jack/kruskal/ros_ws/install/voice_commands/share/voice_commands/sounds/beep_boop.py
[2.838s] -- Symlinking: /home/jack/kruskal/ros_ws/install/voice_commands/share/voice_commands/sounds/beep_boop_1.wav
[2.852s] -- Symlinking: /home/jack/kruskal/ros_ws/install/voice_commands/share/voice_commands/sounds/beep_boop_2.wav
[2.864s] -- Symlinking: /home/jack/kruskal/ros_ws/install/voice_commands/share/voice_commands/sounds/beep_boop_3.wav
[2.875s] -- Symlinking: /home/jack/kruskal/ros_ws/install/voice_commands/share/voice_commands/sounds/robot_full.mp3
[2.887s] -- Symlinking: /home/jack/kruskal/ros_ws/install/voice_commands/lib/voice_commands/voice_command_publisher.py
[2.901s] -- Symlinking: /home/jack/kruskal/ros_ws/install/voice_commands/share/ament_index/resource_index/package_run_dependencies/voice_commands
[2.924s] -- Symlinking: /home/jack/kruskal/ros_ws/install/voice_commands/share/ament_index/resource_index/parent_prefix_path/voice_commands
[2.936s] -- Symlinking: /home/jack/kruskal/ros_ws/install/voice_commands/share/voice_commands/environment/ament_prefix_path.sh
[2.948s] -- Symlinking: /home/jack/kruskal/ros_ws/install/voice_commands/share/voice_commands/environment/ament_prefix_path.dsv
[2.959s] -- Symlinking: /home/jack/kruskal/ros_ws/install/voice_commands/share/voice_commands/environment/path.sh
[2.969s] -- Symlinking: /home/jack/kruskal/ros_ws/install/voice_commands/share/voice_commands/environment/path.dsv
[2.981s] -- Symlinking: /home/jack/kruskal/ros_ws/install/voice_commands/share/voice_commands/local_setup.bash
[3.003s] -- Symlinking: /home/jack/kruskal/ros_ws/install/voice_commands/share/voice_commands/local_setup.sh
[3.014s] -- Symlinking: /home/jack/kruskal/ros_ws/install/voice_commands/share/voice_commands/local_setup.zsh
[3.025s] -- Symlinking: /home/jack/kruskal/ros_ws/install/voice_commands/share/voice_commands/local_setup.dsv
[3.038s] -- Symlinking: /home/jack/kruskal/ros_ws/install/voice_commands/share/voice_commands/package.dsv
[3.059s] -- Symlinking: /home/jack/kruskal/ros_ws/install/voice_commands/share/ament_index/resource_index/packages/voice_commands
[3.070s] -- Symlinking: /home/jack/kruskal/ros_ws/install/voice_commands/share/voice_commands/cmake/voice_commandsConfig.cmake
[3.092s] -- Symlinking: /home/jack/kruskal/ros_ws/install/voice_commands/share/voice_commands/cmake/voice_commandsConfig-version.cmake
[3.114s] -- Symlinking: /home/jack/kruskal/ros_ws/install/voice_commands/share/voice_commands/package.xml
[3.140s] Invoked command in '/home/jack/kruskal/ros_ws/build/voice_commands' returned '0': CMAKE_PREFIX_PATH=${CMAKE_PREFIX_PATH}:/opt/ros/humble PS1=(venv) \[\e]0;\u@\h: \w\a\]${debian_chroot:+($debian_chroot)}\[\033[01;32m\]\u@\h\[\033[00m\]:\[\033[01;34m\]\w\[\033[00m\]\$ VIRTUAL_ENV_PROMPT=(venv) /usr/bin/cmake --install /home/jack/kruskal/ros_ws/build/voice_commands
