[0.017s] Invoking command in '/home/jack/ROS/build/kruskal': CMAKE_PREFIX_PATH=${CMAKE_PREFIX_PATH}:/opt/ros/humble /usr/bin/cmake --build /home/jack/ROS/build/kruskal -- -j12 -l12
[0.141s] Invoked command in '/home/jack/ROS/build/kruskal' returned '0': CMAKE_PREFIX_PATH=${CMAKE_PREFIX_PATH}:/opt/ros/humble /usr/bin/cmake --build /home/jack/ROS/build/kruskal -- -j12 -l12
[0.158s] Invoking command in '/home/jack/ROS/build/kruskal': CMAKE_PREFIX_PATH=${CMAKE_PREFIX_PATH}:/opt/ros/humble /usr/bin/cmake --install /home/jack/ROS/build/kruskal
[0.174s] -- Install configuration: ""
[0.176s] -- Execute custom install script
[0.178s] -- Up-to-date symlink: /home/jack/ROS/install/kruskal/share/kruskal/config/empty.yaml
[0.178s] -- Symlinking: /home/jack/ROS/install/kruskal/share/kruskal/config/kruskal.rvis.rviz
[0.193s] -- Up-to-date symlink: /home/jack/ROS/install/kruskal/share/kruskal/description/inertial_macros.xacro
[0.193s] -- Up-to-date symlink: /home/jack/ROS/install/kruskal/share/kruskal/description/robot.urdf.xacro
[0.194s] -- Up-to-date symlink: /home/jack/ROS/install/kruskal/share/kruskal/description/robot_core.xacro
[0.194s] -- Symlinking: /home/jack/ROS/install/kruskal/share/kruskal/launch/launch_sim.launch.py
[0.206s] -- Up-to-date symlink: /home/jack/ROS/install/kruskal/share/kruskal/launch/rsp.launch.py
[0.206s] -- Up-to-date symlink: /home/jack/ROS/install/kruskal/share/kruskal/worlds/empty.world
[0.207s] -- Up-to-date symlink: /home/jack/ROS/install/kruskal/share/ament_index/resource_index/package_run_dependencies/kruskal
[0.208s] -- Up-to-date symlink: /home/jack/ROS/install/kruskal/share/ament_index/resource_index/parent_prefix_path/kruskal
[0.208s] -- Up-to-date symlink: /home/jack/ROS/install/kruskal/share/kruskal/environment/ament_prefix_path.sh
[0.208s] -- Up-to-date symlink: /home/jack/ROS/install/kruskal/share/kruskal/environment/ament_prefix_path.dsv
[0.209s] -- Up-to-date symlink: /home/jack/ROS/install/kruskal/share/kruskal/environment/path.sh
[0.209s] -- Up-to-date symlink: /home/jack/ROS/install/kruskal/share/kruskal/environment/path.dsv
[0.210s] -- Up-to-date symlink: /home/jack/ROS/install/kruskal/share/kruskal/local_setup.bash
[0.211s] -- Up-to-date symlink: /home/jack/ROS/install/kruskal/share/kruskal/local_setup.sh
[0.211s] -- Up-to-date symlink: /home/jack/ROS/install/kruskal/share/kruskal/local_setup.zsh
[0.211s] -- Up-to-date symlink: /home/jack/ROS/install/kruskal/share/kruskal/local_setup.dsv
[0.212s] -- Symlinking: /home/jack/ROS/install/kruskal/share/kruskal/package.dsv
[0.223s] -- Up-to-date symlink: /home/jack/ROS/install/kruskal/share/ament_index/resource_index/packages/kruskal
[0.224s] -- Up-to-date symlink: /home/jack/ROS/install/kruskal/share/kruskal/cmake/kruskalConfig.cmake
[0.224s] -- Up-to-date symlink: /home/jack/ROS/install/kruskal/share/kruskal/cmake/kruskalConfig-version.cmake
[0.224s] -- Up-to-date symlink: /home/jack/ROS/install/kruskal/share/kruskal/package.xml
[0.229s] Invoked command in '/home/jack/ROS/build/kruskal' returned '0': CMAKE_PREFIX_PATH=${CMAKE_PREFIX_PATH}:/opt/ros/humble /usr/bin/cmake --install /home/jack/ROS/build/kruskal
