[0.013s] Invoking command in '/home/jack/ROS/build/kruskal': CMAKE_PREFIX_PATH=/opt/ros/humble /usr/bin/cmake /home/jack/ROS/kruskal -DAMENT_CMAKE_SYMLINK_INSTALL=1 -DCMAKE_INSTALL_PREFIX=/home/jack/ROS/install/kruskal
[0.253s] -- The C compiler identification is GNU 11.4.0
[0.403s] -- The CXX compiler identification is GNU 11.4.0
[0.417s] -- Detecting C compiler ABI info
[0.521s] -- Detecting C compiler ABI info - done
[0.528s] -- Check for working C compiler: /usr/bin/cc - skipped
[0.530s] -- Detecting C compile features
[0.531s] -- Detecting C compile features - done
[0.534s] -- Detecting CXX compiler ABI info
[0.633s] -- Detecting CXX compiler ABI info - done
[0.640s] -- Check for working CXX compiler: /usr/bin/c++ - skipped
[0.640s] -- Detecting CXX compile features
[0.640s] -- Detecting CXX compile features - done
[0.649s] -- Found ament_cmake: 1.3.11 (/opt/ros/humble/share/ament_cmake/cmake)
[0.849s] -- Found Python3: /usr/bin/python3 (found version "3.10.12") found components: Interpreter 
[0.946s] -- Override CMake install command with custom implementation using symlinks instead of copying resources
[0.979s] -- Found ament_lint_auto: 0.12.11 (/opt/ros/humble/share/ament_lint_auto/cmake)
[1.080s] -- Added test 'copyright' to check source files copyright and LICENSE
[1.095s] -- Added test 'flake8' to check Python code syntax and style conventions
[1.098s] -- Added test 'lint_cmake' to check CMake code style
[1.099s] -- Added test 'pep257' to check Python code against some of the docstring style conventions in PEP 257
[1.105s] -- Added test 'xmllint' to check XML markup files
[1.107s] -- Configuring done
[1.111s] -- Generating done
[1.113s] -- Build files have been written to: /home/jack/ROS/build/kruskal
[1.119s] Invoked command in '/home/jack/ROS/build/kruskal' returned '0': CMAKE_PREFIX_PATH=/opt/ros/humble /usr/bin/cmake /home/jack/ROS/kruskal -DAMENT_CMAKE_SYMLINK_INSTALL=1 -DCMAKE_INSTALL_PREFIX=/home/jack/ROS/install/kruskal
[1.121s] Invoking command in '/home/jack/ROS/build/kruskal': CMAKE_PREFIX_PATH=/opt/ros/humble /usr/bin/cmake --build /home/jack/ROS/build/kruskal -- -j12 -l12
[1.181s] Invoked command in '/home/jack/ROS/build/kruskal' returned '0': CMAKE_PREFIX_PATH=/opt/ros/humble /usr/bin/cmake --build /home/jack/ROS/build/kruskal -- -j12 -l12
[1.195s] Invoking command in '/home/jack/ROS/build/kruskal': CMAKE_PREFIX_PATH=/opt/ros/humble /usr/bin/cmake --install /home/jack/ROS/build/kruskal
[1.206s] -- Install configuration: ""
[1.206s] -- Execute custom install script
[1.207s] -- Symlinking: /home/jack/ROS/install/kruskal/share/kruskal/config/empty.yaml
[1.221s] -- Symlinking: /home/jack/ROS/install/kruskal/share/kruskal/description/robot.urdf.xacro
[1.241s] -- Symlinking: /home/jack/ROS/install/kruskal/share/kruskal/launch/rsp.launch.py
[1.254s] -- Symlinking: /home/jack/ROS/install/kruskal/share/kruskal/worlds/empty.world
[1.266s] -- Symlinking: /home/jack/ROS/install/kruskal/share/ament_index/resource_index/package_run_dependencies/kruskal
[1.280s] -- Symlinking: /home/jack/ROS/install/kruskal/share/ament_index/resource_index/parent_prefix_path/kruskal
[1.293s] -- Symlinking: /home/jack/ROS/install/kruskal/share/kruskal/environment/ament_prefix_path.sh
[1.307s] -- Symlinking: /home/jack/ROS/install/kruskal/share/kruskal/environment/ament_prefix_path.dsv
[1.320s] -- Symlinking: /home/jack/ROS/install/kruskal/share/kruskal/environment/path.sh
[1.332s] -- Symlinking: /home/jack/ROS/install/kruskal/share/kruskal/environment/path.dsv
[1.345s] -- Symlinking: /home/jack/ROS/install/kruskal/share/kruskal/local_setup.bash
[1.367s] -- Symlinking: /home/jack/ROS/install/kruskal/share/kruskal/local_setup.sh
[1.388s] -- Symlinking: /home/jack/ROS/install/kruskal/share/kruskal/local_setup.zsh
[1.400s] -- Symlinking: /home/jack/ROS/install/kruskal/share/kruskal/local_setup.dsv
[1.414s] -- Symlinking: /home/jack/ROS/install/kruskal/share/kruskal/package.dsv
[1.436s] -- Symlinking: /home/jack/ROS/install/kruskal/share/ament_index/resource_index/packages/kruskal
[1.449s] -- Symlinking: /home/jack/ROS/install/kruskal/share/kruskal/cmake/kruskalConfig.cmake
[1.468s] -- Symlinking: /home/jack/ROS/install/kruskal/share/kruskal/cmake/kruskalConfig-version.cmake
[1.480s] -- Symlinking: /home/jack/ROS/install/kruskal/share/kruskal/package.xml
[1.495s] Invoked command in '/home/jack/ROS/build/kruskal' returned '0': CMAKE_PREFIX_PATH=/opt/ros/humble /usr/bin/cmake --install /home/jack/ROS/build/kruskal
