[0.014s] Invoking command in '/home/jack/ROS/build/kruskal': /usr/bin/cmake --build /home/jack/ROS/build/kruskal -- -j12 -l12
[0.128s] Invoked command in '/home/jack/ROS/build/kruskal' returned '0': /usr/bin/cmake --build /home/jack/ROS/build/kruskal -- -j12 -l12
[0.149s] Invoking command in '/home/jack/ROS/build/kruskal': /usr/bin/cmake --install /home/jack/ROS/build/kruskal
[0.157s] -- Install configuration: ""
[0.159s] -- Execute custom install script
[0.160s] -- Symlinking: /home/jack/ROS/install/kruskal/share/kruskal/config/drive_bot.rviz
[0.169s] -- Up-to-date symlink: /home/jack/ROS/install/kruskal/share/kruskal/config/empty.yaml
[0.169s] -- Up-to-date symlink: /home/jack/ROS/install/kruskal/share/kruskal/config/kruskal.rvis.rviz
[0.170s] -- Up-to-date symlink: /home/jack/ROS/install/kruskal/share/kruskal/description/gazebo_control.xacro
[0.170s] -- Up-to-date symlink: /home/jack/ROS/install/kruskal/share/kruskal/description/inertial_macros.xacro
[0.170s] -- Symlinking: /home/jack/ROS/install/kruskal/share/kruskal/description/lidar.xacro
[0.189s] -- Up-to-date symlink: /home/jack/ROS/install/kruskal/share/kruskal/description/robot.urdf.xacro
[0.189s] -- Up-to-date symlink: /home/jack/ROS/install/kruskal/share/kruskal/description/robot_core.xacro
[0.190s] -- Up-to-date symlink: /home/jack/ROS/install/kruskal/share/kruskal/launch/launch_sim.launch.py
[0.190s] -- Up-to-date symlink: /home/jack/ROS/install/kruskal/share/kruskal/launch/rsp.launch.py
[0.191s] -- Up-to-date symlink: /home/jack/ROS/install/kruskal/share/kruskal/worlds/empty.world
[0.191s] -- Symlinking: /home/jack/ROS/install/kruskal/share/kruskal/worlds/obstacles
[0.210s] -- Up-to-date symlink: /home/jack/ROS/install/kruskal/share/ament_index/resource_index/package_run_dependencies/kruskal
[0.211s] -- Up-to-date symlink: /home/jack/ROS/install/kruskal/share/ament_index/resource_index/parent_prefix_path/kruskal
[0.211s] -- Up-to-date symlink: /home/jack/ROS/install/kruskal/share/kruskal/environment/ament_prefix_path.sh
[0.211s] -- Up-to-date symlink: /home/jack/ROS/install/kruskal/share/kruskal/environment/ament_prefix_path.dsv
[0.212s] -- Up-to-date symlink: /home/jack/ROS/install/kruskal/share/kruskal/environment/path.sh
[0.212s] -- Up-to-date symlink: /home/jack/ROS/install/kruskal/share/kruskal/environment/path.dsv
[0.212s] -- Up-to-date symlink: /home/jack/ROS/install/kruskal/share/kruskal/local_setup.bash
[0.213s] -- Up-to-date symlink: /home/jack/ROS/install/kruskal/share/kruskal/local_setup.sh
[0.213s] -- Up-to-date symlink: /home/jack/ROS/install/kruskal/share/kruskal/local_setup.zsh
[0.213s] -- Up-to-date symlink: /home/jack/ROS/install/kruskal/share/kruskal/local_setup.dsv
[0.214s] -- Symlinking: /home/jack/ROS/install/kruskal/share/kruskal/package.dsv
[0.234s] -- Up-to-date symlink: /home/jack/ROS/install/kruskal/share/ament_index/resource_index/packages/kruskal
[0.234s] -- Up-to-date symlink: /home/jack/ROS/install/kruskal/share/kruskal/cmake/kruskalConfig.cmake
[0.235s] -- Up-to-date symlink: /home/jack/ROS/install/kruskal/share/kruskal/cmake/kruskalConfig-version.cmake
[0.235s] -- Up-to-date symlink: /home/jack/ROS/install/kruskal/share/kruskal/package.xml
[0.240s] Invoked command in '/home/jack/ROS/build/kruskal' returned '0': /usr/bin/cmake --install /home/jack/ROS/build/kruskal
