[0.014s] Invoking command in '/home/jack/kruskal/ros/build/kruskal': CMAKE_PREFIX_PATH=${CMAKE_PREFIX_PATH}:/opt/ros/humble /usr/bin/cmake /home/jack/kruskal/ros/kruskal -DAMENT_CMAKE_SYMLINK_INSTALL=1 -DCMAKE_INSTALL_PREFIX=/home/jack/kruskal/ros/install/kruskal
[0.081s] -- The C compiler identification is GNU 11.4.0
[0.168s] -- The CXX compiler identification is GNU 11.4.0
[0.175s] -- Detecting C compiler ABI info
[0.294s] -- Detecting C compiler ABI info - done
[0.308s] -- Check for working C compiler: /usr/bin/cc - skipped
[0.309s] -- Detecting C compile features
[0.310s] -- Detecting C compile features - done
[0.318s] -- Detecting CXX compiler ABI info
[0.469s] -- Detecting CXX compiler ABI info - done
[0.487s] -- Check for working CXX compiler: /usr/bin/c++ - skipped
[0.488s] -- Detecting CXX compile features
[0.489s] -- Detecting CXX compile features - done
[0.495s] -- Found ament_cmake: 1.3.11 (/opt/ros/humble/share/ament_cmake/cmake)
[0.797s] -- Found Python3: /usr/bin/python3 (found version "3.10.12") found components: Interpreter 
[0.886s] -- Override CMake install command with custom implementation using symlinks instead of copying resources
[0.920s] -- Found ament_lint_auto: 0.12.11 (/opt/ros/humble/share/ament_lint_auto/cmake)
[0.995s] -- Added test 'copyright' to check source files copyright and LICENSE
[0.998s] -- Added test 'flake8' to check Python code syntax and style conventions
[0.999s] -- Added test 'lint_cmake' to check CMake code style
[0.999s] -- Added test 'pep257' to check Python code against some of the docstring style conventions in PEP 257
[1.001s] -- Added test 'xmllint' to check XML markup files
[1.003s] -- Configuring done
[1.006s] -- Generating done
[1.007s] -- Build files have been written to: /home/jack/kruskal/ros/build/kruskal
[1.012s] Invoked command in '/home/jack/kruskal/ros/build/kruskal' returned '0': CMAKE_PREFIX_PATH=${CMAKE_PREFIX_PATH}:/opt/ros/humble /usr/bin/cmake /home/jack/kruskal/ros/kruskal -DAMENT_CMAKE_SYMLINK_INSTALL=1 -DCMAKE_INSTALL_PREFIX=/home/jack/kruskal/ros/install/kruskal
[1.015s] Invoking command in '/home/jack/kruskal/ros/build/kruskal': CMAKE_PREFIX_PATH=${CMAKE_PREFIX_PATH}:/opt/ros/humble /usr/bin/cmake --build /home/jack/kruskal/ros/build/kruskal -- -j12 -l12
[1.082s] Invoked command in '/home/jack/kruskal/ros/build/kruskal' returned '0': CMAKE_PREFIX_PATH=${CMAKE_PREFIX_PATH}:/opt/ros/humble /usr/bin/cmake --build /home/jack/kruskal/ros/build/kruskal -- -j12 -l12
[1.105s] Invoking command in '/home/jack/kruskal/ros/build/kruskal': CMAKE_PREFIX_PATH=${CMAKE_PREFIX_PATH}:/opt/ros/humble /usr/bin/cmake --install /home/jack/kruskal/ros/build/kruskal
[1.122s] -- Install configuration: ""
[1.123s] -- Execute custom install script
[1.123s] -- Symlinking: /home/jack/kruskal/ros/install/kruskal/share/kruskal/config/drive_bot.rviz
[1.135s] -- Symlinking: /home/jack/kruskal/ros/install/kruskal/share/kruskal/config/empty.yaml
[1.145s] -- Symlinking: /home/jack/kruskal/ros/install/kruskal/share/kruskal/config/gazebo_params.yaml
[1.156s] -- Symlinking: /home/jack/kruskal/ros/install/kruskal/share/kruskal/config/kruskal.rvis.rviz
[1.166s] -- Symlinking: /home/jack/kruskal/ros/install/kruskal/share/kruskal/config/mapper_params_online_async.yaml
[1.176s] -- Symlinking: /home/jack/kruskal/ros/install/kruskal/share/kruskal/config/my_controllers.yaml
[1.195s] -- Symlinking: /home/jack/kruskal/ros/install/kruskal/share/kruskal/config/nav2_params.yaml
[1.205s] -- Symlinking: /home/jack/kruskal/ros/install/kruskal/share/kruskal/config/slam.rviz
[1.224s] -- Symlinking: /home/jack/kruskal/ros/install/kruskal/share/kruskal/config/twist_mux.yaml
[1.235s] -- Symlinking: /home/jack/kruskal/ros/install/kruskal/share/kruskal/description/gazebo_control.xacro
[1.254s] -- Symlinking: /home/jack/kruskal/ros/install/kruskal/share/kruskal/description/inertial_macros.xacro
[1.265s] -- Symlinking: /home/jack/kruskal/ros/install/kruskal/share/kruskal/description/lidar.xacro
[1.284s] -- Symlinking: /home/jack/kruskal/ros/install/kruskal/share/kruskal/description/robot.urdf.xacro
[1.294s] -- Symlinking: /home/jack/kruskal/ros/install/kruskal/share/kruskal/description/robot_core.xacro
[1.313s] -- Symlinking: /home/jack/kruskal/ros/install/kruskal/share/kruskal/description/ros2_control.xacro
[1.323s] -- Symlinking: /home/jack/kruskal/ros/install/kruskal/share/kruskal/launch/launch_sim.launch.py
[1.342s] -- Symlinking: /home/jack/kruskal/ros/install/kruskal/share/kruskal/launch/rsp.launch.py
[1.361s] -- Symlinking: /home/jack/kruskal/ros/install/kruskal/share/kruskal/worlds/empty.world
[1.370s] -- Symlinking: /home/jack/kruskal/ros/install/kruskal/share/kruskal/worlds/obstacles
[1.380s] -- Symlinking: /home/jack/kruskal/ros/install/kruskal/share/kruskal/worlds/playground.world
[1.398s] -- Symlinking: /home/jack/kruskal/ros/install/kruskal/share/ament_index/resource_index/package_run_dependencies/kruskal
[1.408s] -- Symlinking: /home/jack/kruskal/ros/install/kruskal/share/ament_index/resource_index/parent_prefix_path/kruskal
[1.428s] -- Up-to-date symlink: /home/jack/kruskal/ros/install/kruskal/share/kruskal/environment/ament_prefix_path.sh
[1.428s] -- Symlinking: /home/jack/kruskal/ros/install/kruskal/share/kruskal/environment/ament_prefix_path.dsv
[1.438s] -- Up-to-date symlink: /home/jack/kruskal/ros/install/kruskal/share/kruskal/environment/path.sh
[1.438s] -- Symlinking: /home/jack/kruskal/ros/install/kruskal/share/kruskal/environment/path.dsv
[1.449s] -- Symlinking: /home/jack/kruskal/ros/install/kruskal/share/kruskal/local_setup.bash
[1.470s] -- Symlinking: /home/jack/kruskal/ros/install/kruskal/share/kruskal/local_setup.sh
[1.490s] -- Symlinking: /home/jack/kruskal/ros/install/kruskal/share/kruskal/local_setup.zsh
[1.500s] -- Symlinking: /home/jack/kruskal/ros/install/kruskal/share/kruskal/local_setup.dsv
[1.519s] -- Symlinking: /home/jack/kruskal/ros/install/kruskal/share/kruskal/package.dsv
[1.529s] -- Symlinking: /home/jack/kruskal/ros/install/kruskal/share/ament_index/resource_index/packages/kruskal
[1.539s] -- Symlinking: /home/jack/kruskal/ros/install/kruskal/share/kruskal/cmake/kruskalConfig.cmake
[1.562s] -- Symlinking: /home/jack/kruskal/ros/install/kruskal/share/kruskal/cmake/kruskalConfig-version.cmake
[1.581s] -- Symlinking: /home/jack/kruskal/ros/install/kruskal/share/kruskal/package.xml
[1.595s] Invoked command in '/home/jack/kruskal/ros/build/kruskal' returned '0': CMAKE_PREFIX_PATH=${CMAKE_PREFIX_PATH}:/opt/ros/humble /usr/bin/cmake --install /home/jack/kruskal/ros/build/kruskal
