[0.014s] Invoking command in '/home/jack/kruskal/ros_ws/src/build/voice_commands': CMAKE_PREFIX_PATH=${CMAKE_PREFIX_PATH}:/home/jack/kruskal/ros_ws/install/voice_commands:/opt/ros/humble /usr/bin/cmake /home/jack/kruskal/ros_ws/src/voice_commands -DAMENT_CMAKE_SYMLINK_INSTALL=1 -DCMAKE_INSTALL_PREFIX=/home/jack/kruskal/ros_ws/src/install/voice_commands
[0.072s] -- The C compiler identification is GNU 11.4.0
[0.137s] -- The CXX compiler identification is GNU 11.4.0
[0.146s] -- Detecting C compiler ABI info
[0.221s] -- Detecting C compiler ABI info - done
[0.230s] -- Check for working C compiler: /usr/bin/cc - skipped
[0.230s] -- Detecting C compile features
[0.230s] -- Detecting C compile features - done
[0.233s] -- Detecting CXX compiler ABI info
[0.315s] -- Detecting CXX compiler ABI info - done
[0.332s] -- Check for working CXX compiler: /usr/bin/c++ - skipped
[0.333s] -- Detecting CXX compile features
[0.334s] -- Detecting CXX compile features - done
[0.341s] -- Found ament_cmake: 1.3.11 (/opt/ros/humble/share/ament_cmake/cmake)
[0.500s] -- Found Python3: /usr/bin/python3 (found version "3.10.12") found components: Interpreter 
[0.558s] -- Override CMake install command with custom implementation using symlinks instead of copying resources
[0.602s] -- Found ament_lint_auto: 0.12.11 (/opt/ros/humble/share/ament_lint_auto/cmake)
[0.712s] -- Added test 'flake8' to check Python code syntax and style conventions
[0.713s] -- Added test 'lint_cmake' to check CMake code style
[0.714s] -- Added test 'pep257' to check Python code against some of the docstring style conventions in PEP 257
[0.717s] -- Added test 'xmllint' to check XML markup files
[0.721s] -- Configuring done
[0.729s] -- Generating done
[0.732s] -- Build files have been written to: /home/jack/kruskal/ros_ws/src/build/voice_commands
[0.737s] Invoked command in '/home/jack/kruskal/ros_ws/src/build/voice_commands' returned '0': CMAKE_PREFIX_PATH=${CMAKE_PREFIX_PATH}:/home/jack/kruskal/ros_ws/install/voice_commands:/opt/ros/humble /usr/bin/cmake /home/jack/kruskal/ros_ws/src/voice_commands -DAMENT_CMAKE_SYMLINK_INSTALL=1 -DCMAKE_INSTALL_PREFIX=/home/jack/kruskal/ros_ws/src/install/voice_commands
[0.739s] Invoking command in '/home/jack/kruskal/ros_ws/src/build/voice_commands': CMAKE_PREFIX_PATH=${CMAKE_PREFIX_PATH}:/home/jack/kruskal/ros_ws/install/voice_commands:/opt/ros/humble /usr/bin/cmake --build /home/jack/kruskal/ros_ws/src/build/voice_commands -- -j12 -l12
[0.792s] Invoked command in '/home/jack/kruskal/ros_ws/src/build/voice_commands' returned '0': CMAKE_PREFIX_PATH=${CMAKE_PREFIX_PATH}:/home/jack/kruskal/ros_ws/install/voice_commands:/opt/ros/humble /usr/bin/cmake --build /home/jack/kruskal/ros_ws/src/build/voice_commands -- -j12 -l12
[0.813s] Invoking command in '/home/jack/kruskal/ros_ws/src/build/voice_commands': CMAKE_PREFIX_PATH=${CMAKE_PREFIX_PATH}:/home/jack/kruskal/ros_ws/install/voice_commands:/opt/ros/humble /usr/bin/cmake --install /home/jack/kruskal/ros_ws/src/build/voice_commands
[0.829s] -- Install configuration: ""
[0.830s] -- Execute custom install script
[0.831s] -- Symlinking: /home/jack/kruskal/ros_ws/src/install/voice_commands/lib/voice_commands/voice_command_publisher.py
[0.843s] -- Symlinking: /home/jack/kruskal/ros_ws/src/install/voice_commands/share/ament_index/resource_index/package_run_dependencies/voice_commands
[0.864s] -- Symlinking: /home/jack/kruskal/ros_ws/src/install/voice_commands/share/ament_index/resource_index/parent_prefix_path/voice_commands
[0.875s] -- Symlinking: /home/jack/kruskal/ros_ws/src/install/voice_commands/share/voice_commands/environment/ament_prefix_path.sh
[0.885s] -- Symlinking: /home/jack/kruskal/ros_ws/src/install/voice_commands/share/voice_commands/environment/ament_prefix_path.dsv
[0.896s] -- Symlinking: /home/jack/kruskal/ros_ws/src/install/voice_commands/share/voice_commands/environment/path.sh
[0.907s] -- Symlinking: /home/jack/kruskal/ros_ws/src/install/voice_commands/share/voice_commands/environment/path.dsv
[0.926s] -- Symlinking: /home/jack/kruskal/ros_ws/src/install/voice_commands/share/voice_commands/local_setup.bash
[0.936s] -- Symlinking: /home/jack/kruskal/ros_ws/src/install/voice_commands/share/voice_commands/local_setup.sh
[0.946s] -- Symlinking: /home/jack/kruskal/ros_ws/src/install/voice_commands/share/voice_commands/local_setup.zsh
[0.956s] -- Symlinking: /home/jack/kruskal/ros_ws/src/install/voice_commands/share/voice_commands/local_setup.dsv
[0.967s] -- Symlinking: /home/jack/kruskal/ros_ws/src/install/voice_commands/share/voice_commands/package.dsv
[0.977s] -- Symlinking: /home/jack/kruskal/ros_ws/src/install/voice_commands/share/ament_index/resource_index/packages/voice_commands
[0.997s] -- Symlinking: /home/jack/kruskal/ros_ws/src/install/voice_commands/share/voice_commands/cmake/voice_commandsConfig.cmake
[1.007s] -- Symlinking: /home/jack/kruskal/ros_ws/src/install/voice_commands/share/voice_commands/cmake/voice_commandsConfig-version.cmake
[1.018s] -- Symlinking: /home/jack/kruskal/ros_ws/src/install/voice_commands/share/voice_commands/package.xml
[1.033s] Invoked command in '/home/jack/kruskal/ros_ws/src/build/voice_commands' returned '0': CMAKE_PREFIX_PATH=${CMAKE_PREFIX_PATH}:/home/jack/kruskal/ros_ws/install/voice_commands:/opt/ros/humble /usr/bin/cmake --install /home/jack/kruskal/ros_ws/src/build/voice_commands
