[0.016s] Invoking command in '/home/jack/kruskal/ros/build/kruskal': CMAKE_PREFIX_PATH=${CMAKE_PREFIX_PATH}:/opt/ros/humble /usr/bin/cmake --build /home/jack/kruskal/ros/build/kruskal -- -j12 -l12
[0.122s] -- Found ament_cmake: 1.3.11 (/opt/ros/humble/share/ament_cmake/cmake)
[0.301s] -- Override CMake install command with custom implementation using symlinks instead of copying resources
[0.320s] -- Found ament_lint_auto: 0.12.11 (/opt/ros/humble/share/ament_lint_auto/cmake)
[0.394s] -- Added test 'copyright' to check source files copyright and LICENSE
[0.398s] -- Added test 'flake8' to check Python code syntax and style conventions
[0.399s] -- Added test 'lint_cmake' to check CMake code style
[0.400s] -- Added test 'pep257' to check Python code against some of the docstring style conventions in PEP 257
[0.402s] -- Added test 'xmllint' to check XML markup files
[0.404s] -- Configuring done
[0.410s] -- Generating done
[0.411s] -- Build files have been written to: /home/jack/kruskal/ros/build/kruskal
[0.449s] Invoked command in '/home/jack/kruskal/ros/build/kruskal' returned '0': CMAKE_PREFIX_PATH=${CMAKE_PREFIX_PATH}:/opt/ros/humble /usr/bin/cmake --build /home/jack/kruskal/ros/build/kruskal -- -j12 -l12
[0.471s] Invoking command in '/home/jack/kruskal/ros/build/kruskal': CMAKE_PREFIX_PATH=${CMAKE_PREFIX_PATH}:/opt/ros/humble /usr/bin/cmake --install /home/jack/kruskal/ros/build/kruskal
[0.478s] -- Install configuration: ""
[0.479s] -- Execute custom install script
[0.479s] -- Up-to-date symlink: /home/jack/kruskal/ros/install/kruskal/share/kruskal/config/drive_bot.rviz
[0.480s] -- Up-to-date symlink: /home/jack/kruskal/ros/install/kruskal/share/kruskal/config/empty.yaml
[0.480s] -- Up-to-date symlink: /home/jack/kruskal/ros/install/kruskal/share/kruskal/config/gazebo_params.yaml
[0.480s] -- Up-to-date symlink: /home/jack/kruskal/ros/install/kruskal/share/kruskal/config/kruskal.rvis.rviz
[0.480s] -- Up-to-date symlink: /home/jack/kruskal/ros/install/kruskal/share/kruskal/config/mapper_params_online_async.yaml
[0.481s] -- Up-to-date symlink: /home/jack/kruskal/ros/install/kruskal/share/kruskal/config/my_controllers.yaml
[0.481s] -- Up-to-date symlink: /home/jack/kruskal/ros/install/kruskal/share/kruskal/config/nav2_params.yaml
[0.481s] -- Up-to-date symlink: /home/jack/kruskal/ros/install/kruskal/share/kruskal/config/slam.rviz
[0.481s] -- Up-to-date symlink: /home/jack/kruskal/ros/install/kruskal/share/kruskal/config/twist_mux.yaml
[0.482s] -- Up-to-date symlink: /home/jack/kruskal/ros/install/kruskal/share/kruskal/description/gazebo_control.xacro
[0.482s] -- Up-to-date symlink: /home/jack/kruskal/ros/install/kruskal/share/kruskal/description/inertial_macros.xacro
[0.482s] -- Up-to-date symlink: /home/jack/kruskal/ros/install/kruskal/share/kruskal/description/lidar.xacro
[0.482s] -- Up-to-date symlink: /home/jack/kruskal/ros/install/kruskal/share/kruskal/description/robot.urdf.xacro
[0.482s] -- Up-to-date symlink: /home/jack/kruskal/ros/install/kruskal/share/kruskal/description/robot_core.xacro
[0.483s] -- Up-to-date symlink: /home/jack/kruskal/ros/install/kruskal/share/kruskal/description/ros2_control.xacro
[0.483s] -- Up-to-date symlink: /home/jack/kruskal/ros/install/kruskal/share/kruskal/launch/launch_sim.launch.py
[0.483s] -- Up-to-date symlink: /home/jack/kruskal/ros/install/kruskal/share/kruskal/launch/rsp.launch.py
[0.483s] -- Up-to-date symlink: /home/jack/kruskal/ros/install/kruskal/share/kruskal/worlds/empty.world
[0.483s] -- Up-to-date symlink: /home/jack/kruskal/ros/install/kruskal/share/kruskal/worlds/obstacles
[0.484s] -- Up-to-date symlink: /home/jack/kruskal/ros/install/kruskal/share/kruskal/worlds/playground.world
[0.484s] -- Symlinking: /home/jack/kruskal/ros/install/kruskal/share/kruskal/src/kruskal/navigate_to_coords.py
[0.503s] -- Up-to-date symlink: /home/jack/kruskal/ros/install/kruskal/share/ament_index/resource_index/package_run_dependencies/kruskal
[0.503s] -- Up-to-date symlink: /home/jack/kruskal/ros/install/kruskal/share/ament_index/resource_index/parent_prefix_path/kruskal
[0.504s] -- Up-to-date symlink: /home/jack/kruskal/ros/install/kruskal/share/kruskal/environment/ament_prefix_path.sh
[0.504s] -- Up-to-date symlink: /home/jack/kruskal/ros/install/kruskal/share/kruskal/environment/ament_prefix_path.dsv
[0.504s] -- Up-to-date symlink: /home/jack/kruskal/ros/install/kruskal/share/kruskal/environment/path.sh
[0.504s] -- Up-to-date symlink: /home/jack/kruskal/ros/install/kruskal/share/kruskal/environment/path.dsv
[0.505s] -- Up-to-date symlink: /home/jack/kruskal/ros/install/kruskal/share/kruskal/local_setup.bash
[0.505s] -- Up-to-date symlink: /home/jack/kruskal/ros/install/kruskal/share/kruskal/local_setup.sh
[0.505s] -- Up-to-date symlink: /home/jack/kruskal/ros/install/kruskal/share/kruskal/local_setup.zsh
[0.505s] -- Up-to-date symlink: /home/jack/kruskal/ros/install/kruskal/share/kruskal/local_setup.dsv
[0.505s] -- Symlinking: /home/jack/kruskal/ros/install/kruskal/share/kruskal/package.dsv
[0.527s] -- Up-to-date symlink: /home/jack/kruskal/ros/install/kruskal/share/ament_index/resource_index/packages/kruskal
[0.527s] -- Up-to-date symlink: /home/jack/kruskal/ros/install/kruskal/share/kruskal/cmake/kruskalConfig.cmake
[0.527s] -- Up-to-date symlink: /home/jack/kruskal/ros/install/kruskal/share/kruskal/cmake/kruskalConfig-version.cmake
[0.528s] -- Up-to-date symlink: /home/jack/kruskal/ros/install/kruskal/share/kruskal/package.xml
[0.533s] Invoked command in '/home/jack/kruskal/ros/build/kruskal' returned '0': CMAKE_PREFIX_PATH=${CMAKE_PREFIX_PATH}:/opt/ros/humble /usr/bin/cmake --install /home/jack/kruskal/ros/build/kruskal
