[0.118s] DEBUG:colcon:Command line arguments: ['/usr/bin/colcon', 'build', '--symlink-install']
[0.118s] DEBUG:colcon:Parsed command line arguments: Namespace(log_base=None, log_level=None, verb_name='build', build_base='build', install_base='install', merge_install=False, symlink_install=True, test_result_base=None, continue_on_error=False, executor='parallel', parallel_workers=12, event_handlers=None, ignore_user_meta=False, metas=['./colcon.meta'], base_paths=['.'], packages_ignore=None, packages_ignore_regex=None, paths=None, packages_up_to=None, packages_up_to_regex=None, packages_above=None, packages_above_and_dependencies=None, packages_above_depth=None, packages_select_by_dep=None, packages_skip_by_dep=None, packages_skip_up_to=None, packages_select_build_failed=False, packages_skip_build_finished=False, packages_select_test_failures=False, packages_skip_test_passed=False, packages_select=None, packages_skip=None, packages_select_regex=None, packages_skip_regex=None, packages_start=None, packages_end=None, allow_overriding=[], cmake_args=None, cmake_target=None, cmake_target_skip_unavailable=False, cmake_clean_cache=False, cmake_clean_first=False, cmake_force_configure=False, ament_cmake_args=None, catkin_cmake_args=None, catkin_skip_building_tests=False, mixin_files=None, mixin=None, verb_parser=<colcon_mixin.mixin.mixin_argument.MixinArgumentDecorator object at 0x70611b4469e0>, verb_extension=<colcon_core.verb.build.BuildVerb object at 0x70611b5bf670>, main=<bound method BuildVerb.main of <colcon_core.verb.build.BuildVerb object at 0x70611b5bf670>>, mixin_verb=('build',))
[0.356s] Level 1:colcon.colcon_core.package_discovery:discover_packages(colcon_meta) check parameters
[0.356s] Level 1:colcon.colcon_core.package_discovery:discover_packages(recursive) check parameters
[0.356s] Level 1:colcon.colcon_core.package_discovery:discover_packages(ignore) check parameters
[0.356s] Level 1:colcon.colcon_core.package_discovery:discover_packages(path) check parameters
[0.356s] Level 1:colcon.colcon_core.package_discovery:discover_packages(colcon_meta) discover
[0.356s] Level 1:colcon.colcon_core.package_discovery:discover_packages(recursive) discover
[0.356s] INFO:colcon.colcon_core.package_discovery:Crawling recursively for packages in '/home/jack/kruskal/ros/src'
[0.356s] Level 1:colcon.colcon_core.package_identification:_identify(.) by extensions ['ignore', 'ignore_ament_install']
[0.356s] Level 1:colcon.colcon_core.package_identification:_identify(.) by extension 'ignore'
[0.356s] Level 1:colcon.colcon_core.package_identification:_identify(.) by extension 'ignore_ament_install'
[0.356s] Level 1:colcon.colcon_core.package_identification:_identify(.) by extensions ['colcon_pkg']
[0.356s] Level 1:colcon.colcon_core.package_identification:_identify(.) by extension 'colcon_pkg'
[0.356s] Level 1:colcon.colcon_core.package_identification:_identify(.) by extensions ['colcon_meta']
[0.356s] Level 1:colcon.colcon_core.package_identification:_identify(.) by extension 'colcon_meta'
[0.356s] Level 1:colcon.colcon_core.package_identification:_identify(.) by extensions ['ros']
[0.356s] Level 1:colcon.colcon_core.package_identification:_identify(.) by extension 'ros'
[0.365s] Level 1:colcon.colcon_core.package_identification:_identify(.) by extensions ['cmake', 'python']
[0.365s] Level 1:colcon.colcon_core.package_identification:_identify(.) by extension 'cmake'
[0.365s] Level 1:colcon.colcon_core.package_identification:_identify(.) by extension 'python'
[0.365s] Level 1:colcon.colcon_core.package_identification:_identify(.) by extensions ['python_setup_py']
[0.366s] Level 1:colcon.colcon_core.package_identification:_identify(.) by extension 'python_setup_py'
[0.366s] Level 1:colcon.colcon_core.package_identification:_identify(build) by extensions ['ignore', 'ignore_ament_install']
[0.366s] Level 1:colcon.colcon_core.package_identification:_identify(build) by extension 'ignore'
[0.366s] Level 1:colcon.colcon_core.package_identification:_identify(build) ignored
[0.366s] Level 1:colcon.colcon_core.package_identification:_identify(install) by extensions ['ignore', 'ignore_ament_install']
[0.366s] Level 1:colcon.colcon_core.package_identification:_identify(install) by extension 'ignore'
[0.366s] Level 1:colcon.colcon_core.package_identification:_identify(install) ignored
[0.366s] Level 1:colcon.colcon_core.package_identification:_identify(kruskal) by extensions ['ignore', 'ignore_ament_install']
[0.366s] Level 1:colcon.colcon_core.package_identification:_identify(kruskal) by extension 'ignore'
[0.366s] Level 1:colcon.colcon_core.package_identification:_identify(kruskal) by extension 'ignore_ament_install'
[0.366s] Level 1:colcon.colcon_core.package_identification:_identify(kruskal) by extensions ['colcon_pkg']
[0.366s] Level 1:colcon.colcon_core.package_identification:_identify(kruskal) by extension 'colcon_pkg'
[0.366s] Level 1:colcon.colcon_core.package_identification:_identify(kruskal) by extensions ['colcon_meta']
[0.366s] Level 1:colcon.colcon_core.package_identification:_identify(kruskal) by extension 'colcon_meta'
[0.366s] Level 1:colcon.colcon_core.package_identification:_identify(kruskal) by extensions ['ros']
[0.366s] Level 1:colcon.colcon_core.package_identification:_identify(kruskal) by extension 'ros'
[0.368s] DEBUG:colcon.colcon_core.package_identification:Package 'kruskal' with type 'ros.ament_cmake' and name 'kruskal'
[0.368s] Level 1:colcon.colcon_core.package_identification:_identify(log) by extensions ['ignore', 'ignore_ament_install']
[0.368s] Level 1:colcon.colcon_core.package_identification:_identify(log) by extension 'ignore'
[0.368s] Level 1:colcon.colcon_core.package_identification:_identify(log) ignored
[0.369s] Level 1:colcon.colcon_core.package_discovery:discover_packages(recursive) using defaults
[0.369s] Level 1:colcon.colcon_core.package_discovery:discover_packages(ignore) discover
[0.369s] Level 1:colcon.colcon_core.package_discovery:discover_packages(ignore) using defaults
[0.369s] Level 1:colcon.colcon_core.package_discovery:discover_packages(path) discover
[0.369s] Level 1:colcon.colcon_core.package_discovery:discover_packages(path) using defaults
[0.402s] Level 1:colcon.colcon_core.package_discovery:discover_packages(prefix_path) check parameters
[0.402s] Level 1:colcon.colcon_core.package_discovery:discover_packages(prefix_path) discover
[0.403s] WARNING:colcon.colcon_core.prefix_path.colcon:The path '/home/jack/kruskal/ros/install' in the environment variable COLCON_PREFIX_PATH doesn't exist
[0.403s] WARNING:colcon.colcon_ros.prefix_path.ament:The path '/home/jack/kruskal/ros/install/kruskal' in the environment variable AMENT_PREFIX_PATH doesn't exist
[0.403s] WARNING:colcon.colcon_ros.prefix_path.catkin:The path '/home/jack/kruskal/ros/install/kruskal' in the environment variable CMAKE_PREFIX_PATH doesn't exist
[0.405s] DEBUG:colcon.colcon_installed_package_information.package_discovery:Found 365 installed packages in /opt/ros/humble
[0.407s] Level 1:colcon.colcon_core.package_discovery:discover_packages(prefix_path) using defaults
[0.444s] Level 5:colcon.colcon_core.verb:set package 'kruskal' build argument 'cmake_args' from command line to 'None'
[0.444s] Level 5:colcon.colcon_core.verb:set package 'kruskal' build argument 'cmake_target' from command line to 'None'
[0.444s] Level 5:colcon.colcon_core.verb:set package 'kruskal' build argument 'cmake_target_skip_unavailable' from command line to 'False'
[0.444s] Level 5:colcon.colcon_core.verb:set package 'kruskal' build argument 'cmake_clean_cache' from command line to 'False'
[0.444s] Level 5:colcon.colcon_core.verb:set package 'kruskal' build argument 'cmake_clean_first' from command line to 'False'
[0.444s] Level 5:colcon.colcon_core.verb:set package 'kruskal' build argument 'cmake_force_configure' from command line to 'False'
[0.444s] Level 5:colcon.colcon_core.verb:set package 'kruskal' build argument 'ament_cmake_args' from command line to 'None'
[0.444s] Level 5:colcon.colcon_core.verb:set package 'kruskal' build argument 'catkin_cmake_args' from command line to 'None'
[0.445s] Level 5:colcon.colcon_core.verb:set package 'kruskal' build argument 'catkin_skip_building_tests' from command line to 'False'
[0.445s] DEBUG:colcon.colcon_core.verb:Building package 'kruskal' with the following arguments: {'ament_cmake_args': None, 'build_base': '/home/jack/kruskal/ros/src/build/kruskal', 'catkin_cmake_args': None, 'catkin_skip_building_tests': False, 'cmake_args': None, 'cmake_clean_cache': False, 'cmake_clean_first': False, 'cmake_force_configure': False, 'cmake_target': None, 'cmake_target_skip_unavailable': False, 'install_base': '/home/jack/kruskal/ros/src/install/kruskal', 'merge_install': False, 'path': '/home/jack/kruskal/ros/src/kruskal', 'symlink_install': True, 'test_result_base': None}
[0.445s] INFO:colcon.colcon_core.executor:Executing jobs using 'parallel' executor
[0.446s] DEBUG:colcon.colcon_parallel_executor.executor.parallel:run_until_complete
[0.446s] INFO:colcon.colcon_ros.task.ament_cmake.build:Building ROS package in '/home/jack/kruskal/ros/src/kruskal' with build type 'ament_cmake'
[0.446s] INFO:colcon.colcon_cmake.task.cmake.build:Building CMake package in '/home/jack/kruskal/ros/src/kruskal'
[0.450s] INFO:colcon.colcon_core.plugin_system:Skipping extension 'colcon_core.shell.bat': Not used on non-Windows systems
[0.450s] INFO:colcon.colcon_core.shell:Skip shell extension 'powershell' for command environment: Not usable outside of PowerShell
[0.450s] DEBUG:colcon.colcon_core.shell:Skip shell extension 'dsv' for command environment
[0.461s] DEBUG:colcon.colcon_core.event_handler.log_command:Invoking command in '/home/jack/kruskal/ros/src/build/kruskal': CMAKE_PREFIX_PATH=${CMAKE_PREFIX_PATH}:/opt/ros/humble /usr/bin/cmake /home/jack/kruskal/ros/src/kruskal -DAMENT_CMAKE_SYMLINK_INSTALL=1 -DCMAKE_INSTALL_PREFIX=/home/jack/kruskal/ros/src/install/kruskal
[1.772s] DEBUG:colcon.colcon_core.event_handler.log_command:Invoked command in '/home/jack/kruskal/ros/src/build/kruskal' returned '0': CMAKE_PREFIX_PATH=${CMAKE_PREFIX_PATH}:/opt/ros/humble /usr/bin/cmake /home/jack/kruskal/ros/src/kruskal -DAMENT_CMAKE_SYMLINK_INSTALL=1 -DCMAKE_INSTALL_PREFIX=/home/jack/kruskal/ros/src/install/kruskal
[1.776s] DEBUG:colcon.colcon_core.event_handler.log_command:Invoking command in '/home/jack/kruskal/ros/src/build/kruskal': CMAKE_PREFIX_PATH=${CMAKE_PREFIX_PATH}:/opt/ros/humble /usr/bin/cmake --build /home/jack/kruskal/ros/src/build/kruskal -- -j12 -l12
[1.829s] DEBUG:colcon.colcon_core.event_handler.log_command:Invoked command in '/home/jack/kruskal/ros/src/build/kruskal' returned '0': CMAKE_PREFIX_PATH=${CMAKE_PREFIX_PATH}:/opt/ros/humble /usr/bin/cmake --build /home/jack/kruskal/ros/src/build/kruskal -- -j12 -l12
[1.840s] DEBUG:colcon.colcon_core.event_handler.log_command:Invoking command in '/home/jack/kruskal/ros/src/build/kruskal': CMAKE_PREFIX_PATH=${CMAKE_PREFIX_PATH}:/opt/ros/humble /usr/bin/cmake --install /home/jack/kruskal/ros/src/build/kruskal
[2.363s] Level 1:colcon.colcon_core.environment:create_environment_scripts_only(kruskal)
[2.363s] DEBUG:colcon.colcon_core.event_handler.log_command:Invoked command in '/home/jack/kruskal/ros/src/build/kruskal' returned '0': CMAKE_PREFIX_PATH=${CMAKE_PREFIX_PATH}:/opt/ros/humble /usr/bin/cmake --install /home/jack/kruskal/ros/src/build/kruskal
[2.368s] Level 1:colcon.colcon_core.environment:checking '/home/jack/kruskal/ros/src/install/kruskal' for CMake module files
[2.368s] Level 1:colcon.colcon_core.environment:checking '/home/jack/kruskal/ros/src/install/kruskal' for CMake config files
[2.369s] Level 1:colcon.colcon_core.shell:create_environment_hook('kruskal', 'cmake_prefix_path')
[2.369s] INFO:colcon.colcon_core.shell:Creating environment hook '/home/jack/kruskal/ros/src/install/kruskal/share/kruskal/hook/cmake_prefix_path.ps1'
[2.369s] INFO:colcon.colcon_core.shell:Creating environment descriptor '/home/jack/kruskal/ros/src/install/kruskal/share/kruskal/hook/cmake_prefix_path.dsv'
[2.370s] INFO:colcon.colcon_core.shell:Creating environment hook '/home/jack/kruskal/ros/src/install/kruskal/share/kruskal/hook/cmake_prefix_path.sh'
[2.371s] Level 1:colcon.colcon_core.environment:checking '/home/jack/kruskal/ros/src/install/kruskal/bin'
[2.371s] Level 1:colcon.colcon_core.environment:checking '/home/jack/kruskal/ros/src/install/kruskal/lib/pkgconfig/kruskal.pc'
[2.371s] Level 1:colcon.colcon_core.environment:checking '/home/jack/kruskal/ros/src/install/kruskal/lib/python3.10/site-packages'
[2.371s] Level 1:colcon.colcon_core.environment:checking '/home/jack/kruskal/ros/src/install/kruskal/bin'
[2.371s] INFO:colcon.colcon_core.shell:Creating package script '/home/jack/kruskal/ros/src/install/kruskal/share/kruskal/package.ps1'
[2.372s] INFO:colcon.colcon_core.shell:Creating package descriptor '/home/jack/kruskal/ros/src/install/kruskal/share/kruskal/package.dsv'
[2.373s] INFO:colcon.colcon_core.shell:Creating package script '/home/jack/kruskal/ros/src/install/kruskal/share/kruskal/package.sh'
[2.374s] INFO:colcon.colcon_core.shell:Creating package script '/home/jack/kruskal/ros/src/install/kruskal/share/kruskal/package.bash'
[2.374s] INFO:colcon.colcon_core.shell:Creating package script '/home/jack/kruskal/ros/src/install/kruskal/share/kruskal/package.zsh'
[2.375s] Level 1:colcon.colcon_core.environment:create_file_with_runtime_dependencies(/home/jack/kruskal/ros/src/install/kruskal/share/colcon-core/packages/kruskal)
[2.375s] Level 1:colcon.colcon_core.environment:create_environment_scripts_only(kruskal)
[2.376s] Level 1:colcon.colcon_core.environment:checking '/home/jack/kruskal/ros/src/install/kruskal' for CMake module files
[2.376s] Level 1:colcon.colcon_core.environment:checking '/home/jack/kruskal/ros/src/install/kruskal' for CMake config files
[2.376s] Level 1:colcon.colcon_core.shell:create_environment_hook('kruskal', 'cmake_prefix_path')
[2.376s] INFO:colcon.colcon_core.shell:Creating environment hook '/home/jack/kruskal/ros/src/install/kruskal/share/kruskal/hook/cmake_prefix_path.ps1'
[2.377s] INFO:colcon.colcon_core.shell:Creating environment descriptor '/home/jack/kruskal/ros/src/install/kruskal/share/kruskal/hook/cmake_prefix_path.dsv'
[2.377s] INFO:colcon.colcon_core.shell:Creating environment hook '/home/jack/kruskal/ros/src/install/kruskal/share/kruskal/hook/cmake_prefix_path.sh'
[2.377s] Level 1:colcon.colcon_core.environment:checking '/home/jack/kruskal/ros/src/install/kruskal/bin'
[2.377s] Level 1:colcon.colcon_core.environment:checking '/home/jack/kruskal/ros/src/install/kruskal/lib/pkgconfig/kruskal.pc'
[2.378s] Level 1:colcon.colcon_core.environment:checking '/home/jack/kruskal/ros/src/install/kruskal/lib/python3.10/site-packages'
[2.378s] Level 1:colcon.colcon_core.environment:checking '/home/jack/kruskal/ros/src/install/kruskal/bin'
[2.378s] INFO:colcon.colcon_core.shell:Creating package script '/home/jack/kruskal/ros/src/install/kruskal/share/kruskal/package.ps1'
[2.379s] INFO:colcon.colcon_core.shell:Creating package descriptor '/home/jack/kruskal/ros/src/install/kruskal/share/kruskal/package.dsv'
[2.379s] INFO:colcon.colcon_core.shell:Creating package script '/home/jack/kruskal/ros/src/install/kruskal/share/kruskal/package.sh'
[2.379s] INFO:colcon.colcon_core.shell:Creating package script '/home/jack/kruskal/ros/src/install/kruskal/share/kruskal/package.bash'
[2.380s] INFO:colcon.colcon_core.shell:Creating package script '/home/jack/kruskal/ros/src/install/kruskal/share/kruskal/package.zsh'
[2.380s] Level 1:colcon.colcon_core.environment:create_file_with_runtime_dependencies(/home/jack/kruskal/ros/src/install/kruskal/share/colcon-core/packages/kruskal)
[2.380s] DEBUG:colcon.colcon_parallel_executor.executor.parallel:closing loop
[2.380s] DEBUG:colcon.colcon_parallel_executor.executor.parallel:loop closed
[2.380s] DEBUG:colcon.colcon_parallel_executor.executor.parallel:run_until_complete finished with '0'
[2.381s] DEBUG:colcon.colcon_core.event_reactor:joining thread
[2.392s] INFO:colcon.colcon_core.plugin_system:Skipping extension 'colcon_notification.desktop_notification.terminal_notifier': Not used on non-Darwin systems
[2.392s] INFO:colcon.colcon_core.plugin_system:Skipping extension 'colcon_notification.desktop_notification.win32': Not used on non-Windows systems
[2.392s] INFO:colcon.colcon_notification.desktop_notification:Sending desktop notification using 'notify2'
[2.416s] DEBUG:colcon.colcon_core.event_reactor:joined thread
[2.417s] INFO:colcon.colcon_core.shell:Creating prefix script '/home/jack/kruskal/ros/src/install/local_setup.ps1'
[2.418s] INFO:colcon.colcon_core.shell:Creating prefix util module '/home/jack/kruskal/ros/src/install/_local_setup_util_ps1.py'
[2.419s] INFO:colcon.colcon_core.shell:Creating prefix chain script '/home/jack/kruskal/ros/src/install/setup.ps1'
[2.420s] INFO:colcon.colcon_core.shell:Creating prefix script '/home/jack/kruskal/ros/src/install/local_setup.sh'
[2.421s] INFO:colcon.colcon_core.shell:Creating prefix util module '/home/jack/kruskal/ros/src/install/_local_setup_util_sh.py'
[2.421s] INFO:colcon.colcon_core.shell:Creating prefix chain script '/home/jack/kruskal/ros/src/install/setup.sh'
[2.422s] INFO:colcon.colcon_core.shell:Creating prefix script '/home/jack/kruskal/ros/src/install/local_setup.bash'
[2.423s] INFO:colcon.colcon_core.shell:Creating prefix chain script '/home/jack/kruskal/ros/src/install/setup.bash'
[2.424s] INFO:colcon.colcon_core.shell:Creating prefix script '/home/jack/kruskal/ros/src/install/local_setup.zsh'
[2.425s] INFO:colcon.colcon_core.shell:Creating prefix chain script '/home/jack/kruskal/ros/src/install/setup.zsh'
