[0.016s] Invoking command in '/home/jack/ROS/build/kruskal': CMAKE_PREFIX_PATH=${CMAKE_PREFIX_PATH}:/opt/ros/humble /usr/bin/cmake --build /home/jack/ROS/build/kruskal -- -j12 -l12
[0.077s] Invoked command in '/home/jack/ROS/build/kruskal' returned '0': CMAKE_PREFIX_PATH=${CMAKE_PREFIX_PATH}:/opt/ros/humble /usr/bin/cmake --build /home/jack/ROS/build/kruskal -- -j12 -l12
[0.098s] Invoking command in '/home/jack/ROS/build/kruskal': CMAKE_PREFIX_PATH=${CMAKE_PREFIX_PATH}:/opt/ros/humble /usr/bin/cmake --install /home/jack/ROS/build/kruskal
[0.107s] -- Install configuration: ""
[0.107s] -- Execute custom install script
[0.107s] -- Up-to-date symlink: /home/jack/ROS/install/kruskal/share/kruskal/config/drive_bot.rviz
[0.108s] -- Up-to-date symlink: /home/jack/ROS/install/kruskal/share/kruskal/config/empty.yaml
[0.108s] -- Symlinking: /home/jack/ROS/install/kruskal/share/kruskal/config/gazebo_params.yaml
[0.128s] -- Up-to-date symlink: /home/jack/ROS/install/kruskal/share/kruskal/config/kruskal.rvis.rviz
[0.128s] -- Up-to-date symlink: /home/jack/ROS/install/kruskal/share/kruskal/config/my_controllers.yaml
[0.129s] -- Up-to-date symlink: /home/jack/ROS/install/kruskal/share/kruskal/description/gazebo_control.xacro
[0.129s] -- Up-to-date symlink: /home/jack/ROS/install/kruskal/share/kruskal/description/inertial_macros.xacro
[0.129s] -- Up-to-date symlink: /home/jack/ROS/install/kruskal/share/kruskal/description/lidar.xacro
[0.129s] -- Up-to-date symlink: /home/jack/ROS/install/kruskal/share/kruskal/description/robot.urdf.xacro
[0.130s] -- Up-to-date symlink: /home/jack/ROS/install/kruskal/share/kruskal/description/robot_core.xacro
[0.130s] -- Up-to-date symlink: /home/jack/ROS/install/kruskal/share/kruskal/description/ros2_control.xacro
[0.130s] -- Up-to-date symlink: /home/jack/ROS/install/kruskal/share/kruskal/launch/launch_sim.launch.py
[0.131s] -- Up-to-date symlink: /home/jack/ROS/install/kruskal/share/kruskal/launch/rsp.launch.py
[0.131s] -- Up-to-date symlink: /home/jack/ROS/install/kruskal/share/kruskal/worlds/empty.world
[0.131s] -- Up-to-date symlink: /home/jack/ROS/install/kruskal/share/kruskal/worlds/obstacles
[0.131s] -- Up-to-date symlink: /home/jack/ROS/install/kruskal/share/kruskal/worlds/playground.world
[0.132s] -- Up-to-date symlink: /home/jack/ROS/install/kruskal/share/ament_index/resource_index/package_run_dependencies/kruskal
[0.132s] -- Up-to-date symlink: /home/jack/ROS/install/kruskal/share/ament_index/resource_index/parent_prefix_path/kruskal
[0.132s] -- Up-to-date symlink: /home/jack/ROS/install/kruskal/share/kruskal/environment/ament_prefix_path.sh
[0.133s] -- Up-to-date symlink: /home/jack/ROS/install/kruskal/share/kruskal/environment/ament_prefix_path.dsv
[0.133s] -- Up-to-date symlink: /home/jack/ROS/install/kruskal/share/kruskal/environment/path.sh
[0.134s] -- Up-to-date symlink: /home/jack/ROS/install/kruskal/share/kruskal/environment/path.dsv
[0.134s] -- Up-to-date symlink: /home/jack/ROS/install/kruskal/share/kruskal/local_setup.bash
[0.134s] -- Up-to-date symlink: /home/jack/ROS/install/kruskal/share/kruskal/local_setup.sh
[0.134s] -- Up-to-date symlink: /home/jack/ROS/install/kruskal/share/kruskal/local_setup.zsh
[0.135s] -- Up-to-date symlink: /home/jack/ROS/install/kruskal/share/kruskal/local_setup.dsv
[0.135s] -- Symlinking: /home/jack/ROS/install/kruskal/share/kruskal/package.dsv
[0.146s] -- Up-to-date symlink: /home/jack/ROS/install/kruskal/share/ament_index/resource_index/packages/kruskal
[0.147s] -- Up-to-date symlink: /home/jack/ROS/install/kruskal/share/kruskal/cmake/kruskalConfig.cmake
[0.147s] -- Up-to-date symlink: /home/jack/ROS/install/kruskal/share/kruskal/cmake/kruskalConfig-version.cmake
[0.147s] -- Up-to-date symlink: /home/jack/ROS/install/kruskal/share/kruskal/package.xml
[0.152s] Invoked command in '/home/jack/ROS/build/kruskal' returned '0': CMAKE_PREFIX_PATH=${CMAKE_PREFIX_PATH}:/opt/ros/humble /usr/bin/cmake --install /home/jack/ROS/build/kruskal
