[0.089s] DEBUG:colcon:Command line arguments: ['/usr/bin/colcon', 'build', '--symlink-install']
[0.089s] DEBUG:colcon:Parsed command line arguments: Namespace(log_base=None, log_level=None, verb_name='build', build_base='build', install_base='install', merge_install=False, symlink_install=True, test_result_base=None, continue_on_error=False, executor='parallel', parallel_workers=12, event_handlers=None, ignore_user_meta=False, metas=['./colcon.meta'], base_paths=['.'], packages_ignore=None, packages_ignore_regex=None, paths=None, packages_up_to=None, packages_up_to_regex=None, packages_above=None, packages_above_and_dependencies=None, packages_above_depth=None, packages_select_by_dep=None, packages_skip_by_dep=None, packages_skip_up_to=None, packages_select_build_failed=False, packages_skip_build_finished=False, packages_select_test_failures=False, packages_skip_test_passed=False, packages_select=None, packages_skip=None, packages_select_regex=None, packages_skip_regex=None, packages_start=None, packages_end=None, allow_overriding=[], cmake_args=None, cmake_target=None, cmake_target_skip_unavailable=False, cmake_clean_cache=False, cmake_clean_first=False, cmake_force_configure=False, ament_cmake_args=None, catkin_cmake_args=None, catkin_skip_building_tests=False, mixin_files=None, mixin=None, verb_parser=<colcon_mixin.mixin.mixin_argument.MixinArgumentDecorator object at 0x7a6fd8bb3010>, verb_extension=<colcon_core.verb.build.BuildVerb object at 0x7a6fd8d57f10>, main=<bound method BuildVerb.main of <colcon_core.verb.build.BuildVerb object at 0x7a6fd8d57f10>>, mixin_verb=('build',))
[0.235s] Level 1:colcon.colcon_core.package_discovery:discover_packages(colcon_meta) check parameters
[0.235s] Level 1:colcon.colcon_core.package_discovery:discover_packages(recursive) check parameters
[0.235s] Level 1:colcon.colcon_core.package_discovery:discover_packages(ignore) check parameters
[0.235s] Level 1:colcon.colcon_core.package_discovery:discover_packages(path) check parameters
[0.235s] Level 1:colcon.colcon_core.package_discovery:discover_packages(colcon_meta) discover
[0.235s] Level 1:colcon.colcon_core.package_discovery:discover_packages(recursive) discover
[0.235s] INFO:colcon.colcon_core.package_discovery:Crawling recursively for packages in '/home/jack/kruskal/ros_ws'
[0.235s] Level 1:colcon.colcon_core.package_identification:_identify(.) by extensions ['ignore', 'ignore_ament_install']
[0.235s] Level 1:colcon.colcon_core.package_identification:_identify(.) by extension 'ignore'
[0.235s] Level 1:colcon.colcon_core.package_identification:_identify(.) by extension 'ignore_ament_install'
[0.235s] Level 1:colcon.colcon_core.package_identification:_identify(.) by extensions ['colcon_pkg']
[0.235s] Level 1:colcon.colcon_core.package_identification:_identify(.) by extension 'colcon_pkg'
[0.235s] Level 1:colcon.colcon_core.package_identification:_identify(.) by extensions ['colcon_meta']
[0.235s] Level 1:colcon.colcon_core.package_identification:_identify(.) by extension 'colcon_meta'
[0.235s] Level 1:colcon.colcon_core.package_identification:_identify(.) by extensions ['ros']
[0.235s] Level 1:colcon.colcon_core.package_identification:_identify(.) by extension 'ros'
[0.244s] Level 1:colcon.colcon_core.package_identification:_identify(.) by extensions ['cmake', 'python']
[0.244s] Level 1:colcon.colcon_core.package_identification:_identify(.) by extension 'cmake'
[0.244s] Level 1:colcon.colcon_core.package_identification:_identify(.) by extension 'python'
[0.244s] Level 1:colcon.colcon_core.package_identification:_identify(.) by extensions ['python_setup_py']
[0.244s] Level 1:colcon.colcon_core.package_identification:_identify(.) by extension 'python_setup_py'
[0.244s] Level 1:colcon.colcon_core.package_identification:_identify(build) by extensions ['ignore', 'ignore_ament_install']
[0.244s] Level 1:colcon.colcon_core.package_identification:_identify(build) by extension 'ignore'
[0.244s] Level 1:colcon.colcon_core.package_identification:_identify(build) ignored
[0.245s] Level 1:colcon.colcon_core.package_identification:_identify(install) by extensions ['ignore', 'ignore_ament_install']
[0.245s] Level 1:colcon.colcon_core.package_identification:_identify(install) by extension 'ignore'
[0.245s] Level 1:colcon.colcon_core.package_identification:_identify(install) ignored
[0.245s] Level 1:colcon.colcon_core.package_identification:_identify(log) by extensions ['ignore', 'ignore_ament_install']
[0.245s] Level 1:colcon.colcon_core.package_identification:_identify(log) by extension 'ignore'
[0.245s] Level 1:colcon.colcon_core.package_identification:_identify(log) ignored
[0.245s] Level 1:colcon.colcon_core.package_identification:_identify(src) by extensions ['ignore', 'ignore_ament_install']
[0.245s] Level 1:colcon.colcon_core.package_identification:_identify(src) by extension 'ignore'
[0.245s] Level 1:colcon.colcon_core.package_identification:_identify(src) by extension 'ignore_ament_install'
[0.245s] Level 1:colcon.colcon_core.package_identification:_identify(src) by extensions ['colcon_pkg']
[0.245s] Level 1:colcon.colcon_core.package_identification:_identify(src) by extension 'colcon_pkg'
[0.245s] Level 1:colcon.colcon_core.package_identification:_identify(src) by extensions ['colcon_meta']
[0.245s] Level 1:colcon.colcon_core.package_identification:_identify(src) by extension 'colcon_meta'
[0.245s] Level 1:colcon.colcon_core.package_identification:_identify(src) by extensions ['ros']
[0.245s] Level 1:colcon.colcon_core.package_identification:_identify(src) by extension 'ros'
[0.245s] Level 1:colcon.colcon_core.package_identification:_identify(src) by extensions ['cmake', 'python']
[0.245s] Level 1:colcon.colcon_core.package_identification:_identify(src) by extension 'cmake'
[0.245s] Level 1:colcon.colcon_core.package_identification:_identify(src) by extension 'python'
[0.245s] Level 1:colcon.colcon_core.package_identification:_identify(src) by extensions ['python_setup_py']
[0.245s] Level 1:colcon.colcon_core.package_identification:_identify(src) by extension 'python_setup_py'
[0.246s] Level 1:colcon.colcon_core.package_identification:_identify(src/kruskal) by extensions ['ignore', 'ignore_ament_install']
[0.246s] Level 1:colcon.colcon_core.package_identification:_identify(src/kruskal) by extension 'ignore'
[0.246s] Level 1:colcon.colcon_core.package_identification:_identify(src/kruskal) by extension 'ignore_ament_install'
[0.246s] Level 1:colcon.colcon_core.package_identification:_identify(src/kruskal) by extensions ['colcon_pkg']
[0.246s] Level 1:colcon.colcon_core.package_identification:_identify(src/kruskal) by extension 'colcon_pkg'
[0.246s] Level 1:colcon.colcon_core.package_identification:_identify(src/kruskal) by extensions ['colcon_meta']
[0.246s] Level 1:colcon.colcon_core.package_identification:_identify(src/kruskal) by extension 'colcon_meta'
[0.246s] Level 1:colcon.colcon_core.package_identification:_identify(src/kruskal) by extensions ['ros']
[0.246s] Level 1:colcon.colcon_core.package_identification:_identify(src/kruskal) by extension 'ros'
[0.248s] DEBUG:colcon.colcon_core.package_identification:Package 'src/kruskal' with type 'ros.ament_cmake' and name 'kruskal'
[0.248s] Level 1:colcon.colcon_core.package_identification:_identify(src/voice_commands) by extensions ['ignore', 'ignore_ament_install']
[0.248s] Level 1:colcon.colcon_core.package_identification:_identify(src/voice_commands) by extension 'ignore'
[0.248s] Level 1:colcon.colcon_core.package_identification:_identify(src/voice_commands) by extension 'ignore_ament_install'
[0.248s] Level 1:colcon.colcon_core.package_identification:_identify(src/voice_commands) by extensions ['colcon_pkg']
[0.248s] Level 1:colcon.colcon_core.package_identification:_identify(src/voice_commands) by extension 'colcon_pkg'
[0.248s] Level 1:colcon.colcon_core.package_identification:_identify(src/voice_commands) by extensions ['colcon_meta']
[0.248s] Level 1:colcon.colcon_core.package_identification:_identify(src/voice_commands) by extension 'colcon_meta'
[0.248s] Level 1:colcon.colcon_core.package_identification:_identify(src/voice_commands) by extensions ['ros']
[0.248s] Level 1:colcon.colcon_core.package_identification:_identify(src/voice_commands) by extension 'ros'
[0.249s] DEBUG:colcon.colcon_core.package_identification:Package 'src/voice_commands' with type 'ros.ament_cmake' and name 'voice_commands'
[0.249s] Level 1:colcon.colcon_core.package_discovery:discover_packages(recursive) using defaults
[0.249s] Level 1:colcon.colcon_core.package_discovery:discover_packages(ignore) discover
[0.249s] Level 1:colcon.colcon_core.package_discovery:discover_packages(ignore) using defaults
[0.249s] Level 1:colcon.colcon_core.package_discovery:discover_packages(path) discover
[0.249s] Level 1:colcon.colcon_core.package_discovery:discover_packages(path) using defaults
[0.276s] Level 1:colcon.colcon_core.package_discovery:discover_packages(prefix_path) check parameters
[0.276s] Level 1:colcon.colcon_core.package_discovery:discover_packages(prefix_path) discover
[0.277s] WARNING:colcon.colcon_core.prefix_path.colcon:The path '/home/jack/kruskal/ros_ws/src/install' in the environment variable COLCON_PREFIX_PATH doesn't exist
[0.277s] WARNING:colcon.colcon_ros.prefix_path.ament:The path '/home/jack/kruskal/ros_ws/src/install/voice_commands' in the environment variable AMENT_PREFIX_PATH doesn't exist
[0.277s] WARNING:colcon.colcon_ros.prefix_path.ament:The path '/home/jack/kruskal/ros_ws/src/install/kruskal' in the environment variable AMENT_PREFIX_PATH doesn't exist
[0.278s] WARNING:colcon.colcon_ros.prefix_path.catkin:The path '/home/jack/kruskal/ros_ws/src/install/voice_commands' in the environment variable CMAKE_PREFIX_PATH doesn't exist
[0.278s] WARNING:colcon.colcon_ros.prefix_path.catkin:The path '/home/jack/kruskal/ros_ws/src/install/kruskal' in the environment variable CMAKE_PREFIX_PATH doesn't exist
[0.278s] DEBUG:colcon.colcon_installed_package_information.package_discovery:Found 2 installed packages in /home/jack/kruskal/ros_ws/install
[0.280s] DEBUG:colcon.colcon_installed_package_information.package_discovery:Found 365 installed packages in /opt/ros/humble
[0.281s] Level 1:colcon.colcon_core.package_discovery:discover_packages(prefix_path) using defaults
[0.319s] Level 5:colcon.colcon_core.verb:set package 'kruskal' build argument 'cmake_args' from command line to 'None'
[0.319s] Level 5:colcon.colcon_core.verb:set package 'kruskal' build argument 'cmake_target' from command line to 'None'
[0.319s] Level 5:colcon.colcon_core.verb:set package 'kruskal' build argument 'cmake_target_skip_unavailable' from command line to 'False'
[0.319s] Level 5:colcon.colcon_core.verb:set package 'kruskal' build argument 'cmake_clean_cache' from command line to 'False'
[0.319s] Level 5:colcon.colcon_core.verb:set package 'kruskal' build argument 'cmake_clean_first' from command line to 'False'
[0.319s] Level 5:colcon.colcon_core.verb:set package 'kruskal' build argument 'cmake_force_configure' from command line to 'False'
[0.319s] Level 5:colcon.colcon_core.verb:set package 'kruskal' build argument 'ament_cmake_args' from command line to 'None'
[0.319s] Level 5:colcon.colcon_core.verb:set package 'kruskal' build argument 'catkin_cmake_args' from command line to 'None'
[0.319s] Level 5:colcon.colcon_core.verb:set package 'kruskal' build argument 'catkin_skip_building_tests' from command line to 'False'
[0.319s] DEBUG:colcon.colcon_core.verb:Building package 'kruskal' with the following arguments: {'ament_cmake_args': None, 'build_base': '/home/jack/kruskal/ros_ws/build/kruskal', 'catkin_cmake_args': None, 'catkin_skip_building_tests': False, 'cmake_args': None, 'cmake_clean_cache': False, 'cmake_clean_first': False, 'cmake_force_configure': False, 'cmake_target': None, 'cmake_target_skip_unavailable': False, 'install_base': '/home/jack/kruskal/ros_ws/install/kruskal', 'merge_install': False, 'path': '/home/jack/kruskal/ros_ws/src/kruskal', 'symlink_install': True, 'test_result_base': None}
[0.319s] Level 5:colcon.colcon_core.verb:set package 'voice_commands' build argument 'cmake_args' from command line to 'None'
[0.319s] Level 5:colcon.colcon_core.verb:set package 'voice_commands' build argument 'cmake_target' from command line to 'None'
[0.319s] Level 5:colcon.colcon_core.verb:set package 'voice_commands' build argument 'cmake_target_skip_unavailable' from command line to 'False'
[0.319s] Level 5:colcon.colcon_core.verb:set package 'voice_commands' build argument 'cmake_clean_cache' from command line to 'False'
[0.319s] Level 5:colcon.colcon_core.verb:set package 'voice_commands' build argument 'cmake_clean_first' from command line to 'False'
[0.319s] Level 5:colcon.colcon_core.verb:set package 'voice_commands' build argument 'cmake_force_configure' from command line to 'False'
[0.319s] Level 5:colcon.colcon_core.verb:set package 'voice_commands' build argument 'ament_cmake_args' from command line to 'None'
[0.319s] Level 5:colcon.colcon_core.verb:set package 'voice_commands' build argument 'catkin_cmake_args' from command line to 'None'
[0.319s] Level 5:colcon.colcon_core.verb:set package 'voice_commands' build argument 'catkin_skip_building_tests' from command line to 'False'
[0.319s] DEBUG:colcon.colcon_core.verb:Building package 'voice_commands' with the following arguments: {'ament_cmake_args': None, 'build_base': '/home/jack/kruskal/ros_ws/build/voice_commands', 'catkin_cmake_args': None, 'catkin_skip_building_tests': False, 'cmake_args': None, 'cmake_clean_cache': False, 'cmake_clean_first': False, 'cmake_force_configure': False, 'cmake_target': None, 'cmake_target_skip_unavailable': False, 'install_base': '/home/jack/kruskal/ros_ws/install/voice_commands', 'merge_install': False, 'path': '/home/jack/kruskal/ros_ws/src/voice_commands', 'symlink_install': True, 'test_result_base': None}
[0.320s] INFO:colcon.colcon_core.executor:Executing jobs using 'parallel' executor
[0.321s] DEBUG:colcon.colcon_parallel_executor.executor.parallel:run_until_complete
[0.321s] INFO:colcon.colcon_ros.task.ament_cmake.build:Building ROS package in '/home/jack/kruskal/ros_ws/src/kruskal' with build type 'ament_cmake'
[0.321s] INFO:colcon.colcon_cmake.task.cmake.build:Building CMake package in '/home/jack/kruskal/ros_ws/src/kruskal'
[0.323s] INFO:colcon.colcon_core.plugin_system:Skipping extension 'colcon_core.shell.bat': Not used on non-Windows systems
[0.323s] INFO:colcon.colcon_core.shell:Skip shell extension 'powershell' for command environment: Not usable outside of PowerShell
[0.323s] DEBUG:colcon.colcon_core.shell:Skip shell extension 'dsv' for command environment
[0.327s] INFO:colcon.colcon_ros.task.ament_cmake.build:Building ROS package in '/home/jack/kruskal/ros_ws/src/voice_commands' with build type 'ament_cmake'
[0.327s] INFO:colcon.colcon_cmake.task.cmake.build:Building CMake package in '/home/jack/kruskal/ros_ws/src/voice_commands'
[0.327s] INFO:colcon.colcon_core.shell:Skip shell extension 'powershell' for command environment: Not usable outside of PowerShell
[0.327s] DEBUG:colcon.colcon_core.shell:Skip shell extension 'dsv' for command environment
[0.337s] DEBUG:colcon.colcon_core.event_handler.log_command:Invoking command in '/home/jack/kruskal/ros_ws/build/kruskal': CMAKE_PREFIX_PATH=${CMAKE_PREFIX_PATH}:/opt/ros/humble PS1=(venv) \[\e]0;\u@\h: \w\a\]${debian_chroot:+($debian_chroot)}\[\033[01;32m\]\u@\h\[\033[00m\]:\[\033[01;34m\]\w\[\033[00m\]\$ VIRTUAL_ENV_PROMPT=(venv) /usr/bin/cmake --build /home/jack/kruskal/ros_ws/build/kruskal -- -j12 -l12
[0.341s] DEBUG:colcon.colcon_core.event_handler.log_command:Invoking command in '/home/jack/kruskal/ros_ws/build/voice_commands': CMAKE_PREFIX_PATH=${CMAKE_PREFIX_PATH}:/opt/ros/humble PS1=(venv) \[\e]0;\u@\h: \w\a\]${debian_chroot:+($debian_chroot)}\[\033[01;32m\]\u@\h\[\033[00m\]:\[\033[01;34m\]\w\[\033[00m\]\$ VIRTUAL_ENV_PROMPT=(venv) /usr/bin/cmake --build /home/jack/kruskal/ros_ws/build/voice_commands -- -j12 -l12
[0.424s] DEBUG:colcon.colcon_core.event_handler.log_command:Invoked command in '/home/jack/kruskal/ros_ws/build/kruskal' returned '0': CMAKE_PREFIX_PATH=${CMAKE_PREFIX_PATH}:/opt/ros/humble PS1=(venv) \[\e]0;\u@\h: \w\a\]${debian_chroot:+($debian_chroot)}\[\033[01;32m\]\u@\h\[\033[00m\]:\[\033[01;34m\]\w\[\033[00m\]\$ VIRTUAL_ENV_PROMPT=(venv) /usr/bin/cmake --build /home/jack/kruskal/ros_ws/build/kruskal -- -j12 -l12
[0.445s] DEBUG:colcon.colcon_core.event_handler.log_command:Invoking command in '/home/jack/kruskal/ros_ws/build/kruskal': CMAKE_PREFIX_PATH=${CMAKE_PREFIX_PATH}:/opt/ros/humble PS1=(venv) \[\e]0;\u@\h: \w\a\]${debian_chroot:+($debian_chroot)}\[\033[01;32m\]\u@\h\[\033[00m\]:\[\033[01;34m\]\w\[\033[00m\]\$ VIRTUAL_ENV_PROMPT=(venv) /usr/bin/cmake --install /home/jack/kruskal/ros_ws/build/kruskal
[0.506s] Level 1:colcon.colcon_core.environment:create_environment_scripts_only(kruskal)
[0.507s] DEBUG:colcon.colcon_core.event_handler.log_command:Invoked command in '/home/jack/kruskal/ros_ws/build/kruskal' returned '0': CMAKE_PREFIX_PATH=${CMAKE_PREFIX_PATH}:/opt/ros/humble PS1=(venv) \[\e]0;\u@\h: \w\a\]${debian_chroot:+($debian_chroot)}\[\033[01;32m\]\u@\h\[\033[00m\]:\[\033[01;34m\]\w\[\033[00m\]\$ VIRTUAL_ENV_PROMPT=(venv) /usr/bin/cmake --install /home/jack/kruskal/ros_ws/build/kruskal
[0.512s] Level 1:colcon.colcon_core.environment:checking '/home/jack/kruskal/ros_ws/install/kruskal' for CMake module files
[0.513s] Level 1:colcon.colcon_core.environment:checking '/home/jack/kruskal/ros_ws/install/kruskal' for CMake config files
[0.514s] Level 1:colcon.colcon_core.shell:create_environment_hook('kruskal', 'cmake_prefix_path')
[0.515s] INFO:colcon.colcon_core.shell:Creating environment hook '/home/jack/kruskal/ros_ws/install/kruskal/share/kruskal/hook/cmake_prefix_path.ps1'
[0.516s] INFO:colcon.colcon_core.shell:Creating environment descriptor '/home/jack/kruskal/ros_ws/install/kruskal/share/kruskal/hook/cmake_prefix_path.dsv'
[0.517s] INFO:colcon.colcon_core.shell:Creating environment hook '/home/jack/kruskal/ros_ws/install/kruskal/share/kruskal/hook/cmake_prefix_path.sh'
[0.519s] Level 1:colcon.colcon_core.environment:checking '/home/jack/kruskal/ros_ws/install/kruskal/lib'
[0.519s] Level 1:colcon.colcon_core.environment:checking '/home/jack/kruskal/ros_ws/install/kruskal/bin'
[0.519s] Level 1:colcon.colcon_core.environment:checking '/home/jack/kruskal/ros_ws/install/kruskal/lib/pkgconfig/kruskal.pc'
[0.520s] Level 1:colcon.colcon_core.environment:checking '/home/jack/kruskal/ros_ws/install/kruskal/lib/python3.10/site-packages'
[0.520s] Level 1:colcon.colcon_core.environment:checking '/home/jack/kruskal/ros_ws/install/kruskal/bin'
[0.521s] INFO:colcon.colcon_core.shell:Creating package script '/home/jack/kruskal/ros_ws/install/kruskal/share/kruskal/package.ps1'
[0.523s] INFO:colcon.colcon_core.shell:Creating package descriptor '/home/jack/kruskal/ros_ws/install/kruskal/share/kruskal/package.dsv'
[0.524s] INFO:colcon.colcon_core.shell:Creating package script '/home/jack/kruskal/ros_ws/install/kruskal/share/kruskal/package.sh'
[0.526s] INFO:colcon.colcon_core.shell:Creating package script '/home/jack/kruskal/ros_ws/install/kruskal/share/kruskal/package.bash'
[0.528s] INFO:colcon.colcon_core.shell:Creating package script '/home/jack/kruskal/ros_ws/install/kruskal/share/kruskal/package.zsh'
[0.529s] Level 1:colcon.colcon_core.environment:create_file_with_runtime_dependencies(/home/jack/kruskal/ros_ws/install/kruskal/share/colcon-core/packages/kruskal)
[0.530s] Level 1:colcon.colcon_core.environment:create_environment_scripts_only(kruskal)
[0.531s] Level 1:colcon.colcon_core.environment:checking '/home/jack/kruskal/ros_ws/install/kruskal' for CMake module files
[0.532s] Level 1:colcon.colcon_core.environment:checking '/home/jack/kruskal/ros_ws/install/kruskal' for CMake config files
[0.533s] Level 1:colcon.colcon_core.shell:create_environment_hook('kruskal', 'cmake_prefix_path')
[0.533s] INFO:colcon.colcon_core.shell:Creating environment hook '/home/jack/kruskal/ros_ws/install/kruskal/share/kruskal/hook/cmake_prefix_path.ps1'
[0.534s] INFO:colcon.colcon_core.shell:Creating environment descriptor '/home/jack/kruskal/ros_ws/install/kruskal/share/kruskal/hook/cmake_prefix_path.dsv'
[0.535s] INFO:colcon.colcon_core.shell:Creating environment hook '/home/jack/kruskal/ros_ws/install/kruskal/share/kruskal/hook/cmake_prefix_path.sh'
[0.536s] Level 1:colcon.colcon_core.environment:checking '/home/jack/kruskal/ros_ws/install/kruskal/lib'
[0.537s] Level 1:colcon.colcon_core.environment:checking '/home/jack/kruskal/ros_ws/install/kruskal/bin'
[0.537s] Level 1:colcon.colcon_core.environment:checking '/home/jack/kruskal/ros_ws/install/kruskal/lib/pkgconfig/kruskal.pc'
[0.537s] Level 1:colcon.colcon_core.environment:checking '/home/jack/kruskal/ros_ws/install/kruskal/lib/python3.10/site-packages'
[0.538s] Level 1:colcon.colcon_core.environment:checking '/home/jack/kruskal/ros_ws/install/kruskal/bin'
[0.538s] INFO:colcon.colcon_core.shell:Creating package script '/home/jack/kruskal/ros_ws/install/kruskal/share/kruskal/package.ps1'
[0.539s] INFO:colcon.colcon_core.shell:Creating package descriptor '/home/jack/kruskal/ros_ws/install/kruskal/share/kruskal/package.dsv'
[0.540s] INFO:colcon.colcon_core.shell:Creating package script '/home/jack/kruskal/ros_ws/install/kruskal/share/kruskal/package.sh'
[0.541s] INFO:colcon.colcon_core.shell:Creating package script '/home/jack/kruskal/ros_ws/install/kruskal/share/kruskal/package.bash'
[0.543s] INFO:colcon.colcon_core.shell:Creating package script '/home/jack/kruskal/ros_ws/install/kruskal/share/kruskal/package.zsh'
[0.544s] Level 1:colcon.colcon_core.environment:create_file_with_runtime_dependencies(/home/jack/kruskal/ros_ws/install/kruskal/share/colcon-core/packages/kruskal)
[2.415s] DEBUG:colcon.colcon_core.event_handler.log_command:Invoked command in '/home/jack/kruskal/ros_ws/build/voice_commands' returned '0': CMAKE_PREFIX_PATH=${CMAKE_PREFIX_PATH}:/opt/ros/humble PS1=(venv) \[\e]0;\u@\h: \w\a\]${debian_chroot:+($debian_chroot)}\[\033[01;32m\]\u@\h\[\033[00m\]:\[\033[01;34m\]\w\[\033[00m\]\$ VIRTUAL_ENV_PROMPT=(venv) /usr/bin/cmake --build /home/jack/kruskal/ros_ws/build/voice_commands -- -j12 -l12
[2.417s] DEBUG:colcon.colcon_core.event_handler.log_command:Invoking command in '/home/jack/kruskal/ros_ws/build/voice_commands': CMAKE_PREFIX_PATH=${CMAKE_PREFIX_PATH}:/opt/ros/humble PS1=(venv) \[\e]0;\u@\h: \w\a\]${debian_chroot:+($debian_chroot)}\[\033[01;32m\]\u@\h\[\033[00m\]:\[\033[01;34m\]\w\[\033[00m\]\$ VIRTUAL_ENV_PROMPT=(venv) /usr/bin/cmake --install /home/jack/kruskal/ros_ws/build/voice_commands
[2.536s] Level 1:colcon.colcon_core.environment:create_environment_scripts_only(voice_commands)
[2.537s] Level 1:colcon.colcon_core.environment:checking '/home/jack/kruskal/ros_ws/install/voice_commands' for CMake module files
[2.537s] DEBUG:colcon.colcon_core.event_handler.log_command:Invoked command in '/home/jack/kruskal/ros_ws/build/voice_commands' returned '0': CMAKE_PREFIX_PATH=${CMAKE_PREFIX_PATH}:/opt/ros/humble PS1=(venv) \[\e]0;\u@\h: \w\a\]${debian_chroot:+($debian_chroot)}\[\033[01;32m\]\u@\h\[\033[00m\]:\[\033[01;34m\]\w\[\033[00m\]\$ VIRTUAL_ENV_PROMPT=(venv) /usr/bin/cmake --install /home/jack/kruskal/ros_ws/build/voice_commands
[2.537s] Level 1:colcon.colcon_core.environment:checking '/home/jack/kruskal/ros_ws/install/voice_commands' for CMake config files
[2.538s] Level 1:colcon.colcon_core.shell:create_environment_hook('voice_commands', 'cmake_prefix_path')
[2.538s] INFO:colcon.colcon_core.shell:Creating environment hook '/home/jack/kruskal/ros_ws/install/voice_commands/share/voice_commands/hook/cmake_prefix_path.ps1'
[2.538s] INFO:colcon.colcon_core.shell:Creating environment descriptor '/home/jack/kruskal/ros_ws/install/voice_commands/share/voice_commands/hook/cmake_prefix_path.dsv'
[2.539s] INFO:colcon.colcon_core.shell:Creating environment hook '/home/jack/kruskal/ros_ws/install/voice_commands/share/voice_commands/hook/cmake_prefix_path.sh'
[2.539s] Level 1:colcon.colcon_core.environment:checking '/home/jack/kruskal/ros_ws/install/voice_commands/lib'
[2.539s] Level 1:colcon.colcon_core.environment:checking '/home/jack/kruskal/ros_ws/install/voice_commands/bin'
[2.539s] Level 1:colcon.colcon_core.environment:checking '/home/jack/kruskal/ros_ws/install/voice_commands/lib/pkgconfig/voice_commands.pc'
[2.540s] Level 1:colcon.colcon_core.environment:checking '/home/jack/kruskal/ros_ws/install/voice_commands/lib/python3.10/site-packages'
[2.540s] Level 1:colcon.colcon_core.environment:checking '/home/jack/kruskal/ros_ws/install/voice_commands/bin'
[2.540s] INFO:colcon.colcon_core.shell:Creating package script '/home/jack/kruskal/ros_ws/install/voice_commands/share/voice_commands/package.ps1'
[2.541s] INFO:colcon.colcon_core.shell:Creating package descriptor '/home/jack/kruskal/ros_ws/install/voice_commands/share/voice_commands/package.dsv'
[2.541s] INFO:colcon.colcon_core.shell:Creating package script '/home/jack/kruskal/ros_ws/install/voice_commands/share/voice_commands/package.sh'
[2.541s] INFO:colcon.colcon_core.shell:Creating package script '/home/jack/kruskal/ros_ws/install/voice_commands/share/voice_commands/package.bash'
[2.542s] INFO:colcon.colcon_core.shell:Creating package script '/home/jack/kruskal/ros_ws/install/voice_commands/share/voice_commands/package.zsh'
[2.542s] Level 1:colcon.colcon_core.environment:create_file_with_runtime_dependencies(/home/jack/kruskal/ros_ws/install/voice_commands/share/colcon-core/packages/voice_commands)
[2.542s] Level 1:colcon.colcon_core.environment:create_environment_scripts_only(voice_commands)
[2.542s] Level 1:colcon.colcon_core.environment:checking '/home/jack/kruskal/ros_ws/install/voice_commands' for CMake module files
[2.543s] Level 1:colcon.colcon_core.environment:checking '/home/jack/kruskal/ros_ws/install/voice_commands' for CMake config files
[2.543s] Level 1:colcon.colcon_core.shell:create_environment_hook('voice_commands', 'cmake_prefix_path')
[2.543s] INFO:colcon.colcon_core.shell:Creating environment hook '/home/jack/kruskal/ros_ws/install/voice_commands/share/voice_commands/hook/cmake_prefix_path.ps1'
[2.544s] INFO:colcon.colcon_core.shell:Creating environment descriptor '/home/jack/kruskal/ros_ws/install/voice_commands/share/voice_commands/hook/cmake_prefix_path.dsv'
[2.544s] INFO:colcon.colcon_core.shell:Creating environment hook '/home/jack/kruskal/ros_ws/install/voice_commands/share/voice_commands/hook/cmake_prefix_path.sh'
[2.545s] Level 1:colcon.colcon_core.environment:checking '/home/jack/kruskal/ros_ws/install/voice_commands/lib'
[2.545s] Level 1:colcon.colcon_core.environment:checking '/home/jack/kruskal/ros_ws/install/voice_commands/bin'
[2.545s] Level 1:colcon.colcon_core.environment:checking '/home/jack/kruskal/ros_ws/install/voice_commands/lib/pkgconfig/voice_commands.pc'
[2.545s] Level 1:colcon.colcon_core.environment:checking '/home/jack/kruskal/ros_ws/install/voice_commands/lib/python3.10/site-packages'
[2.545s] Level 1:colcon.colcon_core.environment:checking '/home/jack/kruskal/ros_ws/install/voice_commands/bin'
[2.545s] INFO:colcon.colcon_core.shell:Creating package script '/home/jack/kruskal/ros_ws/install/voice_commands/share/voice_commands/package.ps1'
[2.546s] INFO:colcon.colcon_core.shell:Creating package descriptor '/home/jack/kruskal/ros_ws/install/voice_commands/share/voice_commands/package.dsv'
[2.546s] INFO:colcon.colcon_core.shell:Creating package script '/home/jack/kruskal/ros_ws/install/voice_commands/share/voice_commands/package.sh'
[2.547s] INFO:colcon.colcon_core.shell:Creating package script '/home/jack/kruskal/ros_ws/install/voice_commands/share/voice_commands/package.bash'
[2.547s] INFO:colcon.colcon_core.shell:Creating package script '/home/jack/kruskal/ros_ws/install/voice_commands/share/voice_commands/package.zsh'
[2.547s] Level 1:colcon.colcon_core.environment:create_file_with_runtime_dependencies(/home/jack/kruskal/ros_ws/install/voice_commands/share/colcon-core/packages/voice_commands)
[2.547s] DEBUG:colcon.colcon_parallel_executor.executor.parallel:closing loop
[2.548s] DEBUG:colcon.colcon_parallel_executor.executor.parallel:loop closed
[2.548s] DEBUG:colcon.colcon_parallel_executor.executor.parallel:run_until_complete finished with '0'
[2.548s] DEBUG:colcon.colcon_core.event_reactor:joining thread
[2.553s] INFO:colcon.colcon_core.plugin_system:Skipping extension 'colcon_notification.desktop_notification.terminal_notifier': Not used on non-Darwin systems
[2.553s] INFO:colcon.colcon_core.plugin_system:Skipping extension 'colcon_notification.desktop_notification.win32': Not used on non-Windows systems
[2.553s] INFO:colcon.colcon_notification.desktop_notification:Sending desktop notification using 'notify2'
[2.567s] DEBUG:colcon.colcon_core.event_reactor:joined thread
[2.568s] INFO:colcon.colcon_core.shell:Creating prefix script '/home/jack/kruskal/ros_ws/install/local_setup.ps1'
[2.569s] INFO:colcon.colcon_core.shell:Creating prefix util module '/home/jack/kruskal/ros_ws/install/_local_setup_util_ps1.py'
[2.570s] INFO:colcon.colcon_core.shell:Creating prefix chain script '/home/jack/kruskal/ros_ws/install/setup.ps1'
[2.571s] INFO:colcon.colcon_core.shell:Creating prefix script '/home/jack/kruskal/ros_ws/install/local_setup.sh'
[2.571s] INFO:colcon.colcon_core.shell:Creating prefix util module '/home/jack/kruskal/ros_ws/install/_local_setup_util_sh.py'
[2.572s] INFO:colcon.colcon_core.shell:Creating prefix chain script '/home/jack/kruskal/ros_ws/install/setup.sh'
[2.573s] INFO:colcon.colcon_core.shell:Creating prefix script '/home/jack/kruskal/ros_ws/install/local_setup.bash'
[2.573s] INFO:colcon.colcon_core.shell:Creating prefix chain script '/home/jack/kruskal/ros_ws/install/setup.bash'
[2.574s] INFO:colcon.colcon_core.shell:Creating prefix script '/home/jack/kruskal/ros_ws/install/local_setup.zsh'
[2.575s] INFO:colcon.colcon_core.shell:Creating prefix chain script '/home/jack/kruskal/ros_ws/install/setup.zsh'
